[Thu Nov 09 10:55:31 IST] -- INFO  -- org.apache.axis2.deployment.WarBasedAxisConfigurator - Could not find axis2.xml, loading default org/apache/axis2/deployment/axis2_default.xml from classpath
[Thu Nov 09 10:55:33 IST] -- INFO  -- org.apache.axis2.deployment.DeploymentEngine - No modules directory was found under C:\Peter\peter\.metadata\.plugins\org.eclipse.wst.server.core\tmp0\wtpwebapps\com.misys.portal.client.kotak\WEB-INF.
[Thu Nov 09 10:55:35 IST] -- INFO  -- org.apache.axis2.deployment.DeploymentEngine - Deploying Web service: MPInquiryService.aar - file:/C:/Peter/peter/.metadata/.plugins/org.eclipse.wst.server.core/tmp0/wtpwebapps/com.misys.portal.client.kotak/WEB-INF/services/MPInquiryService.aar
[Thu Nov 09 10:55:35 IST] -- INFO  -- org.apache.axis2.deployment.DeploymentEngine - Deploying Web service: MPListDefService.aar - file:/C:/Peter/peter/.metadata/.plugins/org.eclipse.wst.server.core/tmp0/wtpwebapps/com.misys.portal.client.kotak/WEB-INF/services/MPListDefService.aar
[Thu Nov 09 10:55:35 IST] -- INFO  -- org.apache.axis2.deployment.DeploymentEngine - Deploying Web service: MPProvisioningService.aar - file:/C:/Peter/peter/.metadata/.plugins/org.eclipse.wst.server.core/tmp0/wtpwebapps/com.misys.portal.client.kotak/WEB-INF/services/MPProvisioningService.aar
[Thu Nov 09 10:55:35 IST] -- INFO  -- org.apache.axis2.deployment.DeploymentEngine - Deploying Web service: MPService.aar - file:/C:/Peter/peter/.metadata/.plugins/org.eclipse.wst.server.core/tmp0/wtpwebapps/com.misys.portal.client.kotak/WEB-INF/services/MPService.aar
[Thu Nov 09 10:55:35 IST] -- INFO  -- org.apache.axis2.deployment.DeploymentEngine - Deploying Web service: version-1.7.9.aar - file:/C:/Peter/peter/.metadata/.plugins/org.eclipse.wst.server.core/tmp0/wtpwebapps/com.misys.portal.client.kotak/WEB-INF/services/version-1.7.9.aar
[Thu Nov 09 10:55:35 IST] -- WARN  -- org.apache.axis2.transport.http.AxisServlet - No transportReceiver for org.apache.axis2.transport.http.AxisServletListener found. An instance for HTTP will be configured automatically. Please update your axis2.xml file!
[Thu Nov 09 12:15:20 IST] -- INFO  -- org.apache.axis2.deployment.WarBasedAxisConfigurator - Could not find axis2.xml, loading default org/apache/axis2/deployment/axis2_default.xml from classpath
[Thu Nov 09 12:15:21 IST] -- INFO  -- org.apache.axis2.deployment.DeploymentEngine - No modules directory was found under C:\Peter\peter\.metadata\.plugins\org.eclipse.wst.server.core\tmp0\wtpwebapps\com.misys.portal.client.kotak\WEB-INF.
[Thu Nov 09 12:15:21 IST] -- INFO  -- org.apache.axis2.deployment.DeploymentEngine - Deploying Web service: MPInquiryService.aar - file:/C:/Peter/peter/.metadata/.plugins/org.eclipse.wst.server.core/tmp0/wtpwebapps/com.misys.portal.client.kotak/WEB-INF/services/MPInquiryService.aar
[Thu Nov 09 12:15:22 IST] -- INFO  -- org.apache.axis2.deployment.DeploymentEngine - Deploying Web service: MPListDefService.aar - file:/C:/Peter/peter/.metadata/.plugins/org.eclipse.wst.server.core/tmp0/wtpwebapps/com.misys.portal.client.kotak/WEB-INF/services/MPListDefService.aar
[Thu Nov 09 12:15:22 IST] -- INFO  -- org.apache.axis2.deployment.DeploymentEngine - Deploying Web service: MPProvisioningService.aar - file:/C:/Peter/peter/.metadata/.plugins/org.eclipse.wst.server.core/tmp0/wtpwebapps/com.misys.portal.client.kotak/WEB-INF/services/MPProvisioningService.aar
[Thu Nov 09 12:15:22 IST] -- INFO  -- org.apache.axis2.deployment.DeploymentEngine - Deploying Web service: MPService.aar - file:/C:/Peter/peter/.metadata/.plugins/org.eclipse.wst.server.core/tmp0/wtpwebapps/com.misys.portal.client.kotak/WEB-INF/services/MPService.aar
[Thu Nov 09 12:15:22 IST] -- INFO  -- org.apache.axis2.deployment.DeploymentEngine - Deploying Web service: version-1.7.9.aar - file:/C:/Peter/peter/.metadata/.plugins/org.eclipse.wst.server.core/tmp0/wtpwebapps/com.misys.portal.client.kotak/WEB-INF/services/version-1.7.9.aar
[Thu Nov 09 12:15:22 IST] -- WARN  -- org.apache.axis2.transport.http.AxisServlet - No transportReceiver for org.apache.axis2.transport.http.AxisServletListener found. An instance for HTTP will be configured automatically. Please update your axis2.xml file!
[Thu Nov 09 13:07:24 IST] -- INFO  -- org.apache.axis2.deployment.WarBasedAxisConfigurator - Could not find axis2.xml, loading default org/apache/axis2/deployment/axis2_default.xml from classpath
[Thu Nov 09 13:07:26 IST] -- INFO  -- org.apache.axis2.deployment.DeploymentEngine - No modules directory was found under C:\Peter\peter\.metadata\.plugins\org.eclipse.wst.server.core\tmp0\wtpwebapps\com.misys.portal.client.kotak\WEB-INF.
[Thu Nov 09 13:07:28 IST] -- INFO  -- org.apache.axis2.deployment.DeploymentEngine - Deploying Web service: MPInquiryService.aar - file:/C:/Peter/peter/.metadata/.plugins/org.eclipse.wst.server.core/tmp0/wtpwebapps/com.misys.portal.client.kotak/WEB-INF/services/MPInquiryService.aar
[Thu Nov 09 13:07:28 IST] -- INFO  -- org.apache.axis2.deployment.DeploymentEngine - Deploying Web service: MPListDefService.aar - file:/C:/Peter/peter/.metadata/.plugins/org.eclipse.wst.server.core/tmp0/wtpwebapps/com.misys.portal.client.kotak/WEB-INF/services/MPListDefService.aar
[Thu Nov 09 13:07:28 IST] -- INFO  -- org.apache.axis2.deployment.DeploymentEngine - Deploying Web service: MPProvisioningService.aar - file:/C:/Peter/peter/.metadata/.plugins/org.eclipse.wst.server.core/tmp0/wtpwebapps/com.misys.portal.client.kotak/WEB-INF/services/MPProvisioningService.aar
[Thu Nov 09 13:07:28 IST] -- INFO  -- org.apache.axis2.deployment.DeploymentEngine - Deploying Web service: MPService.aar - file:/C:/Peter/peter/.metadata/.plugins/org.eclipse.wst.server.core/tmp0/wtpwebapps/com.misys.portal.client.kotak/WEB-INF/services/MPService.aar
[Thu Nov 09 13:07:28 IST] -- INFO  -- org.apache.axis2.deployment.DeploymentEngine - Deploying Web service: version-1.7.9.aar - file:/C:/Peter/peter/.metadata/.plugins/org.eclipse.wst.server.core/tmp0/wtpwebapps/com.misys.portal.client.kotak/WEB-INF/services/version-1.7.9.aar
[Thu Nov 09 13:07:28 IST] -- WARN  -- org.apache.axis2.transport.http.AxisServlet - No transportReceiver for org.apache.axis2.transport.http.AxisServletListener found. An instance for HTTP will be configured automatically. Please update your axis2.xml file!
[Thu Nov 09 13:34:55 IST] -- INFO  -- org.apache.axis2.deployment.WarBasedAxisConfigurator - Could not find axis2.xml, loading default org/apache/axis2/deployment/axis2_default.xml from classpath
[Thu Nov 09 13:34:56 IST] -- INFO  -- org.apache.axis2.deployment.DeploymentEngine - No modules directory was found under C:\Peter\peter\.metadata\.plugins\org.eclipse.wst.server.core\tmp0\wtpwebapps\com.misys.portal.client.kotak\WEB-INF.
[Thu Nov 09 13:34:58 IST] -- INFO  -- org.apache.axis2.deployment.DeploymentEngine - Deploying Web service: MPInquiryService.aar - file:/C:/Peter/peter/.metadata/.plugins/org.eclipse.wst.server.core/tmp0/wtpwebapps/com.misys.portal.client.kotak/WEB-INF/services/MPInquiryService.aar
[Thu Nov 09 13:34:58 IST] -- INFO  -- org.apache.axis2.deployment.DeploymentEngine - Deploying Web service: MPListDefService.aar - file:/C:/Peter/peter/.metadata/.plugins/org.eclipse.wst.server.core/tmp0/wtpwebapps/com.misys.portal.client.kotak/WEB-INF/services/MPListDefService.aar
[Thu Nov 09 13:34:58 IST] -- INFO  -- org.apache.axis2.deployment.DeploymentEngine - Deploying Web service: MPProvisioningService.aar - file:/C:/Peter/peter/.metadata/.plugins/org.eclipse.wst.server.core/tmp0/wtpwebapps/com.misys.portal.client.kotak/WEB-INF/services/MPProvisioningService.aar
[Thu Nov 09 13:34:58 IST] -- INFO  -- org.apache.axis2.deployment.DeploymentEngine - Deploying Web service: MPService.aar - file:/C:/Peter/peter/.metadata/.plugins/org.eclipse.wst.server.core/tmp0/wtpwebapps/com.misys.portal.client.kotak/WEB-INF/services/MPService.aar
[Thu Nov 09 13:34:58 IST] -- INFO  -- org.apache.axis2.deployment.DeploymentEngine - Deploying Web service: version-1.7.9.aar - file:/C:/Peter/peter/.metadata/.plugins/org.eclipse.wst.server.core/tmp0/wtpwebapps/com.misys.portal.client.kotak/WEB-INF/services/version-1.7.9.aar
[Thu Nov 09 13:34:58 IST] -- WARN  -- org.apache.axis2.transport.http.AxisServlet - No transportReceiver for org.apache.axis2.transport.http.AxisServletListener found. An instance for HTTP will be configured automatically. Please update your axis2.xml file!
[Thu Nov 09 15:12:53 IST] -- INFO  -- org.apache.axis2.deployment.WarBasedAxisConfigurator - Could not find axis2.xml, loading default org/apache/axis2/deployment/axis2_default.xml from classpath
[Thu Nov 09 15:12:55 IST] -- INFO  -- org.apache.axis2.deployment.DeploymentEngine - No modules directory was found under C:\Peter\peter\.metadata\.plugins\org.eclipse.wst.server.core\tmp0\wtpwebapps\com.misys.portal.client.kotak\WEB-INF.
[Thu Nov 09 15:12:57 IST] -- INFO  -- org.apache.axis2.deployment.DeploymentEngine - Deploying Web service: MPInquiryService.aar - file:/C:/Peter/peter/.metadata/.plugins/org.eclipse.wst.server.core/tmp0/wtpwebapps/com.misys.portal.client.kotak/WEB-INF/services/MPInquiryService.aar
[Thu Nov 09 15:12:57 IST] -- INFO  -- org.apache.axis2.deployment.DeploymentEngine - Deploying Web service: MPListDefService.aar - file:/C:/Peter/peter/.metadata/.plugins/org.eclipse.wst.server.core/tmp0/wtpwebapps/com.misys.portal.client.kotak/WEB-INF/services/MPListDefService.aar
[Thu Nov 09 15:12:57 IST] -- INFO  -- org.apache.axis2.deployment.DeploymentEngine - Deploying Web service: MPProvisioningService.aar - file:/C:/Peter/peter/.metadata/.plugins/org.eclipse.wst.server.core/tmp0/wtpwebapps/com.misys.portal.client.kotak/WEB-INF/services/MPProvisioningService.aar
[Thu Nov 09 15:12:57 IST] -- INFO  -- org.apache.axis2.deployment.DeploymentEngine - Deploying Web service: MPService.aar - file:/C:/Peter/peter/.metadata/.plugins/org.eclipse.wst.server.core/tmp0/wtpwebapps/com.misys.portal.client.kotak/WEB-INF/services/MPService.aar
[Thu Nov 09 15:12:57 IST] -- INFO  -- org.apache.axis2.deployment.DeploymentEngine - Deploying Web service: version-1.7.9.aar - file:/C:/Peter/peter/.metadata/.plugins/org.eclipse.wst.server.core/tmp0/wtpwebapps/com.misys.portal.client.kotak/WEB-INF/services/version-1.7.9.aar
[Thu Nov 09 15:12:57 IST] -- WARN  -- org.apache.axis2.transport.http.AxisServlet - No transportReceiver for org.apache.axis2.transport.http.AxisServletListener found. An instance for HTTP will be configured automatically. Please update your axis2.xml file!
[Thu Nov 09 15:28:30 IST] -- INFO  -- org.apache.axis2.deployment.WarBasedAxisConfigurator - Could not find axis2.xml, loading default org/apache/axis2/deployment/axis2_default.xml from classpath
[Thu Nov 09 15:28:31 IST] -- INFO  -- org.apache.axis2.deployment.DeploymentEngine - No modules directory was found under C:\Peter\peter\.metadata\.plugins\org.eclipse.wst.server.core\tmp0\wtpwebapps\com.misys.portal.client.kotak\WEB-INF.
[Thu Nov 09 15:28:32 IST] -- INFO  -- org.apache.axis2.deployment.DeploymentEngine - Deploying Web service: MPInquiryService.aar - file:/C:/Peter/peter/.metadata/.plugins/org.eclipse.wst.server.core/tmp0/wtpwebapps/com.misys.portal.client.kotak/WEB-INF/services/MPInquiryService.aar
[Thu Nov 09 15:28:32 IST] -- INFO  -- org.apache.axis2.deployment.DeploymentEngine - Deploying Web service: MPListDefService.aar - file:/C:/Peter/peter/.metadata/.plugins/org.eclipse.wst.server.core/tmp0/wtpwebapps/com.misys.portal.client.kotak/WEB-INF/services/MPListDefService.aar
[Thu Nov 09 15:28:32 IST] -- INFO  -- org.apache.axis2.deployment.DeploymentEngine - Deploying Web service: MPProvisioningService.aar - file:/C:/Peter/peter/.metadata/.plugins/org.eclipse.wst.server.core/tmp0/wtpwebapps/com.misys.portal.client.kotak/WEB-INF/services/MPProvisioningService.aar
[Thu Nov 09 15:28:32 IST] -- INFO  -- org.apache.axis2.deployment.DeploymentEngine - Deploying Web service: MPService.aar - file:/C:/Peter/peter/.metadata/.plugins/org.eclipse.wst.server.core/tmp0/wtpwebapps/com.misys.portal.client.kotak/WEB-INF/services/MPService.aar
[Thu Nov 09 15:28:32 IST] -- INFO  -- org.apache.axis2.deployment.DeploymentEngine - Deploying Web service: version-1.7.9.aar - file:/C:/Peter/peter/.metadata/.plugins/org.eclipse.wst.server.core/tmp0/wtpwebapps/com.misys.portal.client.kotak/WEB-INF/services/version-1.7.9.aar
[Thu Nov 09 15:28:32 IST] -- WARN  -- org.apache.axis2.transport.http.AxisServlet - No transportReceiver for org.apache.axis2.transport.http.AxisServletListener found. An instance for HTTP will be configured automatically. Please update your axis2.xml file!
[Thu Nov 09 15:50:30 IST] -- INFO  -- org.apache.axis2.deployment.WarBasedAxisConfigurator - Could not find axis2.xml, loading default org/apache/axis2/deployment/axis2_default.xml from classpath
[Thu Nov 09 15:50:31 IST] -- INFO  -- org.apache.axis2.deployment.DeploymentEngine - No modules directory was found under C:\Peter\peter\.metadata\.plugins\org.eclipse.wst.server.core\tmp0\wtpwebapps\com.misys.portal.client.kotak\WEB-INF.
[Thu Nov 09 15:50:33 IST] -- INFO  -- org.apache.axis2.deployment.DeploymentEngine - Deploying Web service: MPInquiryService.aar - file:/C:/Peter/peter/.metadata/.plugins/org.eclipse.wst.server.core/tmp0/wtpwebapps/com.misys.portal.client.kotak/WEB-INF/services/MPInquiryService.aar
[Thu Nov 09 15:50:33 IST] -- INFO  -- org.apache.axis2.deployment.DeploymentEngine - Deploying Web service: MPListDefService.aar - file:/C:/Peter/peter/.metadata/.plugins/org.eclipse.wst.server.core/tmp0/wtpwebapps/com.misys.portal.client.kotak/WEB-INF/services/MPListDefService.aar
[Thu Nov 09 15:50:33 IST] -- INFO  -- org.apache.axis2.deployment.DeploymentEngine - Deploying Web service: MPProvisioningService.aar - file:/C:/Peter/peter/.metadata/.plugins/org.eclipse.wst.server.core/tmp0/wtpwebapps/com.misys.portal.client.kotak/WEB-INF/services/MPProvisioningService.aar
[Thu Nov 09 15:50:33 IST] -- INFO  -- org.apache.axis2.deployment.DeploymentEngine - Deploying Web service: MPService.aar - file:/C:/Peter/peter/.metadata/.plugins/org.eclipse.wst.server.core/tmp0/wtpwebapps/com.misys.portal.client.kotak/WEB-INF/services/MPService.aar
[Thu Nov 09 15:50:33 IST] -- INFO  -- org.apache.axis2.deployment.DeploymentEngine - Deploying Web service: version-1.7.9.aar - file:/C:/Peter/peter/.metadata/.plugins/org.eclipse.wst.server.core/tmp0/wtpwebapps/com.misys.portal.client.kotak/WEB-INF/services/version-1.7.9.aar
[Thu Nov 09 15:50:33 IST] -- WARN  -- org.apache.axis2.transport.http.AxisServlet - No transportReceiver for org.apache.axis2.transport.http.AxisServletListener found. An instance for HTTP will be configured automatically. Please update your axis2.xml file!
[Thu Nov 09 16:01:35 IST] -- INFO  -- org.apache.axis2.deployment.WarBasedAxisConfigurator - Could not find axis2.xml, loading default org/apache/axis2/deployment/axis2_default.xml from classpath
[Thu Nov 09 16:01:36 IST] -- INFO  -- org.apache.axis2.deployment.DeploymentEngine - No modules directory was found under C:\Peter\peter\.metadata\.plugins\org.eclipse.wst.server.core\tmp0\wtpwebapps\com.misys.portal.client.kotak\WEB-INF.
[Thu Nov 09 16:01:36 IST] -- INFO  -- org.apache.axis2.deployment.DeploymentEngine - Deploying Web service: MPInquiryService.aar - file:/C:/Peter/peter/.metadata/.plugins/org.eclipse.wst.server.core/tmp0/wtpwebapps/com.misys.portal.client.kotak/WEB-INF/services/MPInquiryService.aar
[Thu Nov 09 16:01:36 IST] -- INFO  -- org.apache.axis2.deployment.DeploymentEngine - Deploying Web service: MPListDefService.aar - file:/C:/Peter/peter/.metadata/.plugins/org.eclipse.wst.server.core/tmp0/wtpwebapps/com.misys.portal.client.kotak/WEB-INF/services/MPListDefService.aar
[Thu Nov 09 16:01:36 IST] -- INFO  -- org.apache.axis2.deployment.DeploymentEngine - Deploying Web service: MPProvisioningService.aar - file:/C:/Peter/peter/.metadata/.plugins/org.eclipse.wst.server.core/tmp0/wtpwebapps/com.misys.portal.client.kotak/WEB-INF/services/MPProvisioningService.aar
[Thu Nov 09 16:01:36 IST] -- INFO  -- org.apache.axis2.deployment.DeploymentEngine - Deploying Web service: MPService.aar - file:/C:/Peter/peter/.metadata/.plugins/org.eclipse.wst.server.core/tmp0/wtpwebapps/com.misys.portal.client.kotak/WEB-INF/services/MPService.aar
[Thu Nov 09 16:01:36 IST] -- INFO  -- org.apache.axis2.deployment.DeploymentEngine - Deploying Web service: version-1.7.9.aar - file:/C:/Peter/peter/.metadata/.plugins/org.eclipse.wst.server.core/tmp0/wtpwebapps/com.misys.portal.client.kotak/WEB-INF/services/version-1.7.9.aar
[Thu Nov 09 16:01:36 IST] -- WARN  -- org.apache.axis2.transport.http.AxisServlet - No transportReceiver for org.apache.axis2.transport.http.AxisServletListener found. An instance for HTTP will be configured automatically. Please update your axis2.xml file!
[Thu Nov 09 16:12:25 IST] -- INFO  -- org.apache.axis2.deployment.WarBasedAxisConfigurator - Could not find axis2.xml, loading default org/apache/axis2/deployment/axis2_default.xml from classpath
[Thu Nov 09 16:12:26 IST] -- INFO  -- org.apache.axis2.deployment.DeploymentEngine - No modules directory was found under C:\Peter\peter\.metadata\.plugins\org.eclipse.wst.server.core\tmp0\wtpwebapps\com.misys.portal.client.kotak\WEB-INF.
[Thu Nov 09 16:12:27 IST] -- INFO  -- org.apache.axis2.deployment.DeploymentEngine - Deploying Web service: MPInquiryService.aar - file:/C:/Peter/peter/.metadata/.plugins/org.eclipse.wst.server.core/tmp0/wtpwebapps/com.misys.portal.client.kotak/WEB-INF/services/MPInquiryService.aar
[Thu Nov 09 16:12:27 IST] -- INFO  -- org.apache.axis2.deployment.DeploymentEngine - Deploying Web service: MPListDefService.aar - file:/C:/Peter/peter/.metadata/.plugins/org.eclipse.wst.server.core/tmp0/wtpwebapps/com.misys.portal.client.kotak/WEB-INF/services/MPListDefService.aar
[Thu Nov 09 16:12:27 IST] -- INFO  -- org.apache.axis2.deployment.DeploymentEngine - Deploying Web service: MPProvisioningService.aar - file:/C:/Peter/peter/.metadata/.plugins/org.eclipse.wst.server.core/tmp0/wtpwebapps/com.misys.portal.client.kotak/WEB-INF/services/MPProvisioningService.aar
[Thu Nov 09 16:12:27 IST] -- INFO  -- org.apache.axis2.deployment.DeploymentEngine - Deploying Web service: MPService.aar - file:/C:/Peter/peter/.metadata/.plugins/org.eclipse.wst.server.core/tmp0/wtpwebapps/com.misys.portal.client.kotak/WEB-INF/services/MPService.aar
[Thu Nov 09 16:12:27 IST] -- INFO  -- org.apache.axis2.deployment.DeploymentEngine - Deploying Web service: version-1.7.9.aar - file:/C:/Peter/peter/.metadata/.plugins/org.eclipse.wst.server.core/tmp0/wtpwebapps/com.misys.portal.client.kotak/WEB-INF/services/version-1.7.9.aar
[Thu Nov 09 16:12:27 IST] -- WARN  -- org.apache.axis2.transport.http.AxisServlet - No transportReceiver for org.apache.axis2.transport.http.AxisServletListener found. An instance for HTTP will be configured automatically. Please update your axis2.xml file!
