[Wed Nov 15 10:45:47 IST] -- INFO  -- org.apache.axis2.deployment.WarBasedAxisConfigurator - Could not find axis2.xml, loading default org/apache/axis2/deployment/axis2_default.xml from classpath
[Wed Nov 15 10:45:48 IST] -- INFO  -- org.apache.axis2.deployment.DeploymentEngine - No modules directory was found under C:\Peter\peter\.metadata\.plugins\org.eclipse.wst.server.core\tmp0\wtpwebapps\com.misys.portal.client.kotak\WEB-INF.
[Wed Nov 15 10:45:50 IST] -- INFO  -- org.apache.axis2.deployment.DeploymentEngine - Deploying Web service: MPInquiryService.aar - file:/C:/Peter/peter/.metadata/.plugins/org.eclipse.wst.server.core/tmp0/wtpwebapps/com.misys.portal.client.kotak/WEB-INF/services/MPInquiryService.aar
[Wed Nov 15 10:45:50 IST] -- INFO  -- org.apache.axis2.deployment.DeploymentEngine - Deploying Web service: MPListDefService.aar - file:/C:/Peter/peter/.metadata/.plugins/org.eclipse.wst.server.core/tmp0/wtpwebapps/com.misys.portal.client.kotak/WEB-INF/services/MPListDefService.aar
[Wed Nov 15 10:45:50 IST] -- INFO  -- org.apache.axis2.deployment.DeploymentEngine - Deploying Web service: MPProvisioningService.aar - file:/C:/Peter/peter/.metadata/.plugins/org.eclipse.wst.server.core/tmp0/wtpwebapps/com.misys.portal.client.kotak/WEB-INF/services/MPProvisioningService.aar
[Wed Nov 15 10:45:50 IST] -- INFO  -- org.apache.axis2.deployment.DeploymentEngine - Deploying Web service: MPService.aar - file:/C:/Peter/peter/.metadata/.plugins/org.eclipse.wst.server.core/tmp0/wtpwebapps/com.misys.portal.client.kotak/WEB-INF/services/MPService.aar
[Wed Nov 15 10:45:50 IST] -- INFO  -- org.apache.axis2.deployment.DeploymentEngine - Deploying Web service: version-1.7.9.aar - file:/C:/Peter/peter/.metadata/.plugins/org.eclipse.wst.server.core/tmp0/wtpwebapps/com.misys.portal.client.kotak/WEB-INF/services/version-1.7.9.aar
[Wed Nov 15 10:45:50 IST] -- WARN  -- org.apache.axis2.transport.http.AxisServlet - No transportReceiver for org.apache.axis2.transport.http.AxisServletListener found. An instance for HTTP will be configured automatically. Please update your axis2.xml file!
[Wed Nov 15 11:38:06 IST] -- INFO  -- org.apache.axis2.deployment.WarBasedAxisConfigurator - Could not find axis2.xml, loading default org/apache/axis2/deployment/axis2_default.xml from classpath
[Wed Nov 15 11:38:07 IST] -- INFO  -- org.apache.axis2.deployment.DeploymentEngine - No modules directory was found under C:\Peter\peter\.metadata\.plugins\org.eclipse.wst.server.core\tmp0\wtpwebapps\com.misys.portal.client.kotak\WEB-INF.
[Wed Nov 15 11:38:09 IST] -- INFO  -- org.apache.axis2.deployment.DeploymentEngine - Deploying Web service: MPInquiryService.aar - file:/C:/Peter/peter/.metadata/.plugins/org.eclipse.wst.server.core/tmp0/wtpwebapps/com.misys.portal.client.kotak/WEB-INF/services/MPInquiryService.aar
[Wed Nov 15 11:38:09 IST] -- INFO  -- org.apache.axis2.deployment.DeploymentEngine - Deploying Web service: MPListDefService.aar - file:/C:/Peter/peter/.metadata/.plugins/org.eclipse.wst.server.core/tmp0/wtpwebapps/com.misys.portal.client.kotak/WEB-INF/services/MPListDefService.aar
[Wed Nov 15 11:38:09 IST] -- INFO  -- org.apache.axis2.deployment.DeploymentEngine - Deploying Web service: MPProvisioningService.aar - file:/C:/Peter/peter/.metadata/.plugins/org.eclipse.wst.server.core/tmp0/wtpwebapps/com.misys.portal.client.kotak/WEB-INF/services/MPProvisioningService.aar
[Wed Nov 15 11:38:09 IST] -- INFO  -- org.apache.axis2.deployment.DeploymentEngine - Deploying Web service: MPService.aar - file:/C:/Peter/peter/.metadata/.plugins/org.eclipse.wst.server.core/tmp0/wtpwebapps/com.misys.portal.client.kotak/WEB-INF/services/MPService.aar
[Wed Nov 15 11:38:09 IST] -- INFO  -- org.apache.axis2.deployment.DeploymentEngine - Deploying Web service: version-1.7.9.aar - file:/C:/Peter/peter/.metadata/.plugins/org.eclipse.wst.server.core/tmp0/wtpwebapps/com.misys.portal.client.kotak/WEB-INF/services/version-1.7.9.aar
[Wed Nov 15 11:38:09 IST] -- WARN  -- org.apache.axis2.transport.http.AxisServlet - No transportReceiver for org.apache.axis2.transport.http.AxisServletListener found. An instance for HTTP will be configured automatically. Please update your axis2.xml file!
[Wed Nov 15 13:04:25 IST] -- INFO  -- org.apache.axis2.deployment.WarBasedAxisConfigurator - Could not find axis2.xml, loading default org/apache/axis2/deployment/axis2_default.xml from classpath
[Wed Nov 15 13:04:26 IST] -- INFO  -- org.apache.axis2.deployment.DeploymentEngine - No modules directory was found under C:\Peter\peter\.metadata\.plugins\org.eclipse.wst.server.core\tmp0\wtpwebapps\com.misys.portal.client.kotak\WEB-INF.
[Wed Nov 15 13:04:30 IST] -- INFO  -- org.apache.axis2.deployment.DeploymentEngine - Deploying Web service: MPInquiryService.aar - file:/C:/Peter/peter/.metadata/.plugins/org.eclipse.wst.server.core/tmp0/wtpwebapps/com.misys.portal.client.kotak/WEB-INF/services/MPInquiryService.aar
[Wed Nov 15 13:04:30 IST] -- INFO  -- org.apache.axis2.deployment.DeploymentEngine - Deploying Web service: MPListDefService.aar - file:/C:/Peter/peter/.metadata/.plugins/org.eclipse.wst.server.core/tmp0/wtpwebapps/com.misys.portal.client.kotak/WEB-INF/services/MPListDefService.aar
[Wed Nov 15 13:04:30 IST] -- INFO  -- org.apache.axis2.deployment.DeploymentEngine - Deploying Web service: MPProvisioningService.aar - file:/C:/Peter/peter/.metadata/.plugins/org.eclipse.wst.server.core/tmp0/wtpwebapps/com.misys.portal.client.kotak/WEB-INF/services/MPProvisioningService.aar
[Wed Nov 15 13:04:30 IST] -- INFO  -- org.apache.axis2.deployment.DeploymentEngine - Deploying Web service: MPService.aar - file:/C:/Peter/peter/.metadata/.plugins/org.eclipse.wst.server.core/tmp0/wtpwebapps/com.misys.portal.client.kotak/WEB-INF/services/MPService.aar
[Wed Nov 15 13:04:30 IST] -- INFO  -- org.apache.axis2.deployment.DeploymentEngine - Deploying Web service: version-1.7.9.aar - file:/C:/Peter/peter/.metadata/.plugins/org.eclipse.wst.server.core/tmp0/wtpwebapps/com.misys.portal.client.kotak/WEB-INF/services/version-1.7.9.aar
[Wed Nov 15 13:04:30 IST] -- WARN  -- org.apache.axis2.transport.http.AxisServlet - No transportReceiver for org.apache.axis2.transport.http.AxisServletListener found. An instance for HTTP will be configured automatically. Please update your axis2.xml file!
[Wed Nov 15 16:00:18 IST] -- INFO  -- org.apache.axis2.deployment.WarBasedAxisConfigurator - Could not find axis2.xml, loading default org/apache/axis2/deployment/axis2_default.xml from classpath
[Wed Nov 15 16:00:19 IST] -- INFO  -- org.apache.axis2.deployment.DeploymentEngine - No modules directory was found under C:\Peter\peter\.metadata\.plugins\org.eclipse.wst.server.core\tmp0\wtpwebapps\com.misys.portal.client.kotak\WEB-INF.
[Wed Nov 15 16:00:21 IST] -- INFO  -- org.apache.axis2.deployment.DeploymentEngine - Deploying Web service: MPInquiryService.aar - file:/C:/Peter/peter/.metadata/.plugins/org.eclipse.wst.server.core/tmp0/wtpwebapps/com.misys.portal.client.kotak/WEB-INF/services/MPInquiryService.aar
[Wed Nov 15 16:00:21 IST] -- INFO  -- org.apache.axis2.deployment.DeploymentEngine - Deploying Web service: MPListDefService.aar - file:/C:/Peter/peter/.metadata/.plugins/org.eclipse.wst.server.core/tmp0/wtpwebapps/com.misys.portal.client.kotak/WEB-INF/services/MPListDefService.aar
[Wed Nov 15 16:00:21 IST] -- INFO  -- org.apache.axis2.deployment.DeploymentEngine - Deploying Web service: MPProvisioningService.aar - file:/C:/Peter/peter/.metadata/.plugins/org.eclipse.wst.server.core/tmp0/wtpwebapps/com.misys.portal.client.kotak/WEB-INF/services/MPProvisioningService.aar
[Wed Nov 15 16:00:21 IST] -- INFO  -- org.apache.axis2.deployment.DeploymentEngine - Deploying Web service: MPService.aar - file:/C:/Peter/peter/.metadata/.plugins/org.eclipse.wst.server.core/tmp0/wtpwebapps/com.misys.portal.client.kotak/WEB-INF/services/MPService.aar
[Wed Nov 15 16:00:21 IST] -- INFO  -- org.apache.axis2.deployment.DeploymentEngine - Deploying Web service: version-1.7.9.aar - file:/C:/Peter/peter/.metadata/.plugins/org.eclipse.wst.server.core/tmp0/wtpwebapps/com.misys.portal.client.kotak/WEB-INF/services/version-1.7.9.aar
[Wed Nov 15 16:00:21 IST] -- WARN  -- org.apache.axis2.transport.http.AxisServlet - No transportReceiver for org.apache.axis2.transport.http.AxisServletListener found. An instance for HTTP will be configured automatically. Please update your axis2.xml file!
[Wed Nov 15 16:23:56 IST] -- INFO  -- org.apache.axis2.deployment.WarBasedAxisConfigurator - Could not find axis2.xml, loading default org/apache/axis2/deployment/axis2_default.xml from classpath
[Wed Nov 15 16:23:56 IST] -- INFO  -- org.apache.axis2.deployment.DeploymentEngine - No modules directory was found under C:\Peter\peter\.metadata\.plugins\org.eclipse.wst.server.core\tmp0\wtpwebapps\com.misys.portal.client.kotak\WEB-INF.
[Wed Nov 15 16:23:57 IST] -- INFO  -- org.apache.axis2.deployment.DeploymentEngine - Deploying Web service: MPInquiryService.aar - file:/C:/Peter/peter/.metadata/.plugins/org.eclipse.wst.server.core/tmp0/wtpwebapps/com.misys.portal.client.kotak/WEB-INF/services/MPInquiryService.aar
[Wed Nov 15 16:23:57 IST] -- INFO  -- org.apache.axis2.deployment.DeploymentEngine - Deploying Web service: MPListDefService.aar - file:/C:/Peter/peter/.metadata/.plugins/org.eclipse.wst.server.core/tmp0/wtpwebapps/com.misys.portal.client.kotak/WEB-INF/services/MPListDefService.aar
[Wed Nov 15 16:23:57 IST] -- INFO  -- org.apache.axis2.deployment.DeploymentEngine - Deploying Web service: MPProvisioningService.aar - file:/C:/Peter/peter/.metadata/.plugins/org.eclipse.wst.server.core/tmp0/wtpwebapps/com.misys.portal.client.kotak/WEB-INF/services/MPProvisioningService.aar
[Wed Nov 15 16:23:57 IST] -- INFO  -- org.apache.axis2.deployment.DeploymentEngine - Deploying Web service: MPService.aar - file:/C:/Peter/peter/.metadata/.plugins/org.eclipse.wst.server.core/tmp0/wtpwebapps/com.misys.portal.client.kotak/WEB-INF/services/MPService.aar
[Wed Nov 15 16:23:57 IST] -- INFO  -- org.apache.axis2.deployment.DeploymentEngine - Deploying Web service: version-1.7.9.aar - file:/C:/Peter/peter/.metadata/.plugins/org.eclipse.wst.server.core/tmp0/wtpwebapps/com.misys.portal.client.kotak/WEB-INF/services/version-1.7.9.aar
[Wed Nov 15 16:23:57 IST] -- WARN  -- org.apache.axis2.transport.http.AxisServlet - No transportReceiver for org.apache.axis2.transport.http.AxisServletListener found. An instance for HTTP will be configured automatically. Please update your axis2.xml file!
[Wed Nov 15 17:28:46 IST] -- INFO  -- org.apache.axis2.deployment.WarBasedAxisConfigurator - Could not find axis2.xml, loading default org/apache/axis2/deployment/axis2_default.xml from classpath
[Wed Nov 15 17:28:47 IST] -- INFO  -- org.apache.axis2.deployment.DeploymentEngine - No modules directory was found under C:\Peter\peter\.metadata\.plugins\org.eclipse.wst.server.core\tmp0\wtpwebapps\com.misys.portal.client.kotak\WEB-INF.
[Wed Nov 15 17:28:48 IST] -- INFO  -- org.apache.axis2.deployment.DeploymentEngine - Deploying Web service: MPInquiryService.aar - file:/C:/Peter/peter/.metadata/.plugins/org.eclipse.wst.server.core/tmp0/wtpwebapps/com.misys.portal.client.kotak/WEB-INF/services/MPInquiryService.aar
[Wed Nov 15 17:28:48 IST] -- INFO  -- org.apache.axis2.deployment.DeploymentEngine - Deploying Web service: MPListDefService.aar - file:/C:/Peter/peter/.metadata/.plugins/org.eclipse.wst.server.core/tmp0/wtpwebapps/com.misys.portal.client.kotak/WEB-INF/services/MPListDefService.aar
[Wed Nov 15 17:28:48 IST] -- INFO  -- org.apache.axis2.deployment.DeploymentEngine - Deploying Web service: MPProvisioningService.aar - file:/C:/Peter/peter/.metadata/.plugins/org.eclipse.wst.server.core/tmp0/wtpwebapps/com.misys.portal.client.kotak/WEB-INF/services/MPProvisioningService.aar
[Wed Nov 15 17:28:48 IST] -- INFO  -- org.apache.axis2.deployment.DeploymentEngine - Deploying Web service: MPService.aar - file:/C:/Peter/peter/.metadata/.plugins/org.eclipse.wst.server.core/tmp0/wtpwebapps/com.misys.portal.client.kotak/WEB-INF/services/MPService.aar
[Wed Nov 15 17:28:48 IST] -- INFO  -- org.apache.axis2.deployment.DeploymentEngine - Deploying Web service: version-1.7.9.aar - file:/C:/Peter/peter/.metadata/.plugins/org.eclipse.wst.server.core/tmp0/wtpwebapps/com.misys.portal.client.kotak/WEB-INF/services/version-1.7.9.aar
[Wed Nov 15 17:28:48 IST] -- WARN  -- org.apache.axis2.transport.http.AxisServlet - No transportReceiver for org.apache.axis2.transport.http.AxisServletListener found. An instance for HTTP will be configured automatically. Please update your axis2.xml file!
