[Wed Nov 08 11:27:23 IST] -- INFO  -- org.apache.axis2.deployment.WarBasedAxisConfigurator - Could not find axis2.xml, loading default org/apache/axis2/deployment/axis2_default.xml from classpath
[Wed Nov 08 11:27:24 IST] -- INFO  -- org.apache.axis2.deployment.DeploymentEngine - No modules directory was found under C:\Peter\peter\.metadata\.plugins\org.eclipse.wst.server.core\tmp0\wtpwebapps\com.misys.portal.client.kotak\WEB-INF.
[Wed Nov 08 11:27:25 IST] -- INFO  -- org.apache.axis2.deployment.DeploymentEngine - Deploying Web service: MPInquiryService.aar - file:/C:/Peter/peter/.metadata/.plugins/org.eclipse.wst.server.core/tmp0/wtpwebapps/com.misys.portal.client.kotak/WEB-INF/services/MPInquiryService.aar
[Wed Nov 08 11:27:25 IST] -- INFO  -- org.apache.axis2.deployment.DeploymentEngine - Deploying Web service: MPListDefService.aar - file:/C:/Peter/peter/.metadata/.plugins/org.eclipse.wst.server.core/tmp0/wtpwebapps/com.misys.portal.client.kotak/WEB-INF/services/MPListDefService.aar
[Wed Nov 08 11:27:25 IST] -- INFO  -- org.apache.axis2.deployment.DeploymentEngine - Deploying Web service: MPProvisioningService.aar - file:/C:/Peter/peter/.metadata/.plugins/org.eclipse.wst.server.core/tmp0/wtpwebapps/com.misys.portal.client.kotak/WEB-INF/services/MPProvisioningService.aar
[Wed Nov 08 11:27:26 IST] -- INFO  -- org.apache.axis2.deployment.DeploymentEngine - Deploying Web service: MPService.aar - file:/C:/Peter/peter/.metadata/.plugins/org.eclipse.wst.server.core/tmp0/wtpwebapps/com.misys.portal.client.kotak/WEB-INF/services/MPService.aar
[Wed Nov 08 11:27:26 IST] -- INFO  -- org.apache.axis2.deployment.DeploymentEngine - Deploying Web service: version-1.7.9.aar - file:/C:/Peter/peter/.metadata/.plugins/org.eclipse.wst.server.core/tmp0/wtpwebapps/com.misys.portal.client.kotak/WEB-INF/services/version-1.7.9.aar
[Wed Nov 08 11:27:26 IST] -- WARN  -- org.apache.axis2.transport.http.AxisServlet - No transportReceiver for org.apache.axis2.transport.http.AxisServletListener found. An instance for HTTP will be configured automatically. Please update your axis2.xml file!
[Wed Nov 08 15:33:22 IST] -- INFO  -- org.apache.axis2.deployment.WarBasedAxisConfigurator - Could not find axis2.xml, loading default org/apache/axis2/deployment/axis2_default.xml from classpath
[Wed Nov 08 15:33:23 IST] -- INFO  -- org.apache.axis2.deployment.DeploymentEngine - No modules directory was found under C:\Peter\peter\.metadata\.plugins\org.eclipse.wst.server.core\tmp0\wtpwebapps\com.misys.portal.client.kotak\WEB-INF.
[Wed Nov 08 15:33:24 IST] -- INFO  -- org.apache.axis2.deployment.DeploymentEngine - Deploying Web service: MPInquiryService.aar - file:/C:/Peter/peter/.metadata/.plugins/org.eclipse.wst.server.core/tmp0/wtpwebapps/com.misys.portal.client.kotak/WEB-INF/services/MPInquiryService.aar
[Wed Nov 08 15:33:24 IST] -- INFO  -- org.apache.axis2.deployment.DeploymentEngine - Deploying Web service: MPListDefService.aar - file:/C:/Peter/peter/.metadata/.plugins/org.eclipse.wst.server.core/tmp0/wtpwebapps/com.misys.portal.client.kotak/WEB-INF/services/MPListDefService.aar
[Wed Nov 08 15:33:25 IST] -- INFO  -- org.apache.axis2.deployment.DeploymentEngine - Deploying Web service: MPProvisioningService.aar - file:/C:/Peter/peter/.metadata/.plugins/org.eclipse.wst.server.core/tmp0/wtpwebapps/com.misys.portal.client.kotak/WEB-INF/services/MPProvisioningService.aar
[Wed Nov 08 15:33:25 IST] -- INFO  -- org.apache.axis2.deployment.DeploymentEngine - Deploying Web service: MPService.aar - file:/C:/Peter/peter/.metadata/.plugins/org.eclipse.wst.server.core/tmp0/wtpwebapps/com.misys.portal.client.kotak/WEB-INF/services/MPService.aar
[Wed Nov 08 15:33:25 IST] -- INFO  -- org.apache.axis2.deployment.DeploymentEngine - Deploying Web service: version-1.7.9.aar - file:/C:/Peter/peter/.metadata/.plugins/org.eclipse.wst.server.core/tmp0/wtpwebapps/com.misys.portal.client.kotak/WEB-INF/services/version-1.7.9.aar
[Wed Nov 08 15:33:25 IST] -- WARN  -- org.apache.axis2.transport.http.AxisServlet - No transportReceiver for org.apache.axis2.transport.http.AxisServletListener found. An instance for HTTP will be configured automatically. Please update your axis2.xml file!
[Wed Nov 08 15:48:05 IST] -- INFO  -- org.apache.axis2.deployment.WarBasedAxisConfigurator - Could not find axis2.xml, loading default org/apache/axis2/deployment/axis2_default.xml from classpath
[Wed Nov 08 15:48:06 IST] -- INFO  -- org.apache.axis2.deployment.DeploymentEngine - No modules directory was found under C:\Peter\peter\.metadata\.plugins\org.eclipse.wst.server.core\tmp0\wtpwebapps\com.misys.portal.client.kotak\WEB-INF.
[Wed Nov 08 15:48:07 IST] -- INFO  -- org.apache.axis2.deployment.DeploymentEngine - Deploying Web service: MPInquiryService.aar - file:/C:/Peter/peter/.metadata/.plugins/org.eclipse.wst.server.core/tmp0/wtpwebapps/com.misys.portal.client.kotak/WEB-INF/services/MPInquiryService.aar
[Wed Nov 08 15:48:07 IST] -- INFO  -- org.apache.axis2.deployment.DeploymentEngine - Deploying Web service: MPListDefService.aar - file:/C:/Peter/peter/.metadata/.plugins/org.eclipse.wst.server.core/tmp0/wtpwebapps/com.misys.portal.client.kotak/WEB-INF/services/MPListDefService.aar
[Wed Nov 08 15:48:07 IST] -- INFO  -- org.apache.axis2.deployment.DeploymentEngine - Deploying Web service: MPProvisioningService.aar - file:/C:/Peter/peter/.metadata/.plugins/org.eclipse.wst.server.core/tmp0/wtpwebapps/com.misys.portal.client.kotak/WEB-INF/services/MPProvisioningService.aar
[Wed Nov 08 15:48:07 IST] -- INFO  -- org.apache.axis2.deployment.DeploymentEngine - Deploying Web service: MPService.aar - file:/C:/Peter/peter/.metadata/.plugins/org.eclipse.wst.server.core/tmp0/wtpwebapps/com.misys.portal.client.kotak/WEB-INF/services/MPService.aar
[Wed Nov 08 15:48:07 IST] -- INFO  -- org.apache.axis2.deployment.DeploymentEngine - Deploying Web service: version-1.7.9.aar - file:/C:/Peter/peter/.metadata/.plugins/org.eclipse.wst.server.core/tmp0/wtpwebapps/com.misys.portal.client.kotak/WEB-INF/services/version-1.7.9.aar
[Wed Nov 08 15:48:07 IST] -- WARN  -- org.apache.axis2.transport.http.AxisServlet - No transportReceiver for org.apache.axis2.transport.http.AxisServletListener found. An instance for HTTP will be configured automatically. Please update your axis2.xml file!
