[Wed Nov 08 16:47:51 IST] -- DaemonThread:filetogtpinterfacedaemon -- ERROR -- com.misys.portal.core.daemon.impl.FileToGTPInterfaceDaemon - File to GTP interface daemon: Unable to access directory D:/gtpdeamon/completed
[Wed Nov 08 16:47:51 IST] -- DaemonThread:filetogtpinterfacedaemon -- ERROR -- com.misys.portal.core.daemon.impl.FileToGTPInterfaceDaemon - File to GTP interface daemon: Unable to access directory D:/gtpdeamon/error
[Wed Nov 08 16:48:11 IST] -- DaemonThread:filetogtpinterfacedaemon -- ERROR -- com.misys.portal.core.daemon.impl.FileToGTPInterfaceDaemon - File to GTP interface daemon: Unable to access directory D:/gtpdeamon/completed
[Wed Nov 08 16:48:11 IST] -- DaemonThread:filetogtpinterfacedaemon -- ERROR -- com.misys.portal.core.daemon.impl.FileToGTPInterfaceDaemon - File to GTP interface daemon: Unable to access directory D:/gtpdeamon/error
[Wed Nov 08 16:48:31 IST] -- DaemonThread:filetogtpinterfacedaemon -- ERROR -- com.misys.portal.core.daemon.impl.FileToGTPInterfaceDaemon - File to GTP interface daemon: Unable to access directory D:/gtpdeamon/completed
[Wed Nov 08 16:48:31 IST] -- DaemonThread:filetogtpinterfacedaemon -- ERROR -- com.misys.portal.core.daemon.impl.FileToGTPInterfaceDaemon - File to GTP interface daemon: Unable to access directory D:/gtpdeamon/error
[Wed Nov 08 16:48:51 IST] -- DaemonThread:filetogtpinterfacedaemon -- ERROR -- com.misys.portal.core.daemon.impl.FileToGTPInterfaceDaemon - File to GTP interface daemon: Unable to access directory D:/gtpdeamon/completed
[Wed Nov 08 16:48:51 IST] -- DaemonThread:filetogtpinterfacedaemon -- ERROR -- com.misys.portal.core.daemon.impl.FileToGTPInterfaceDaemon - File to GTP interface daemon: Unable to access directory D:/gtpdeamon/error
[Wed Nov 08 16:49:11 IST] -- DaemonThread:filetogtpinterfacedaemon -- ERROR -- com.misys.portal.core.daemon.impl.FileToGTPInterfaceDaemon - File to GTP interface daemon: Unable to access directory D:/gtpdeamon/completed
[Wed Nov 08 16:49:11 IST] -- DaemonThread:filetogtpinterfacedaemon -- ERROR -- com.misys.portal.core.daemon.impl.FileToGTPInterfaceDaemon - File to GTP interface daemon: Unable to access directory D:/gtpdeamon/error
[Wed Nov 08 16:49:31 IST] -- DaemonThread:filetogtpinterfacedaemon -- ERROR -- com.misys.portal.core.daemon.impl.FileToGTPInterfaceDaemon - File to GTP interface daemon: Unable to access directory D:/gtpdeamon/completed
[Wed Nov 08 16:49:31 IST] -- DaemonThread:filetogtpinterfacedaemon -- ERROR -- com.misys.portal.core.daemon.impl.FileToGTPInterfaceDaemon - File to GTP interface daemon: Unable to access directory D:/gtpdeamon/error
[Wed Nov 08 16:49:51 IST] -- DaemonThread:filetogtpinterfacedaemon -- ERROR -- com.misys.portal.core.daemon.impl.FileToGTPInterfaceDaemon - File to GTP interface daemon: Unable to access directory D:/gtpdeamon/completed
[Wed Nov 08 16:49:51 IST] -- DaemonThread:filetogtpinterfacedaemon -- ERROR -- com.misys.portal.core.daemon.impl.FileToGTPInterfaceDaemon - File to GTP interface daemon: Unable to access directory D:/gtpdeamon/error
[Wed Nov 08 16:50:11 IST] -- DaemonThread:filetogtpinterfacedaemon -- ERROR -- com.misys.portal.core.daemon.impl.FileToGTPInterfaceDaemon - File to GTP interface daemon: Unable to access directory D:/gtpdeamon/completed
[Wed Nov 08 16:50:11 IST] -- DaemonThread:filetogtpinterfacedaemon -- ERROR -- com.misys.portal.core.daemon.impl.FileToGTPInterfaceDaemon - File to GTP interface daemon: Unable to access directory D:/gtpdeamon/error
[Wed Nov 08 16:50:31 IST] -- DaemonThread:filetogtpinterfacedaemon -- ERROR -- com.misys.portal.core.daemon.impl.FileToGTPInterfaceDaemon - File to GTP interface daemon: Unable to access directory D:/gtpdeamon/completed
[Wed Nov 08 16:50:31 IST] -- DaemonThread:filetogtpinterfacedaemon -- ERROR -- com.misys.portal.core.daemon.impl.FileToGTPInterfaceDaemon - File to GTP interface daemon: Unable to access directory D:/gtpdeamon/error
[Wed Nov 08 16:50:51 IST] -- DaemonThread:filetogtpinterfacedaemon -- ERROR -- com.misys.portal.core.daemon.impl.FileToGTPInterfaceDaemon - File to GTP interface daemon: Unable to access directory D:/gtpdeamon/completed
[Wed Nov 08 16:50:51 IST] -- DaemonThread:filetogtpinterfacedaemon -- ERROR -- com.misys.portal.core.daemon.impl.FileToGTPInterfaceDaemon - File to GTP interface daemon: Unable to access directory D:/gtpdeamon/error
[Wed Nov 08 16:51:11 IST] -- DaemonThread:filetogtpinterfacedaemon -- ERROR -- com.misys.portal.core.daemon.impl.FileToGTPInterfaceDaemon - File to GTP interface daemon: Unable to access directory D:/gtpdeamon/completed
[Wed Nov 08 16:51:11 IST] -- DaemonThread:filetogtpinterfacedaemon -- ERROR -- com.misys.portal.core.daemon.impl.FileToGTPInterfaceDaemon - File to GTP interface daemon: Unable to access directory D:/gtpdeamon/error
[Wed Nov 08 16:51:31 IST] -- DaemonThread:filetogtpinterfacedaemon -- ERROR -- com.misys.portal.core.daemon.impl.FileToGTPInterfaceDaemon - File to GTP interface daemon: Unable to access directory D:/gtpdeamon/completed
[Wed Nov 08 16:51:31 IST] -- DaemonThread:filetogtpinterfacedaemon -- ERROR -- com.misys.portal.core.daemon.impl.FileToGTPInterfaceDaemon - File to GTP interface daemon: Unable to access directory D:/gtpdeamon/error
[Wed Nov 08 16:51:51 IST] -- DaemonThread:filetogtpinterfacedaemon -- ERROR -- com.misys.portal.core.daemon.impl.FileToGTPInterfaceDaemon - File to GTP interface daemon: Unable to access directory D:/gtpdeamon/completed
[Wed Nov 08 16:51:51 IST] -- DaemonThread:filetogtpinterfacedaemon -- ERROR -- com.misys.portal.core.daemon.impl.FileToGTPInterfaceDaemon - File to GTP interface daemon: Unable to access directory D:/gtpdeamon/error
[Wed Nov 08 16:52:11 IST] -- DaemonThread:filetogtpinterfacedaemon -- ERROR -- com.misys.portal.core.daemon.impl.FileToGTPInterfaceDaemon - File to GTP interface daemon: Unable to access directory D:/gtpdeamon/completed
[Wed Nov 08 16:52:11 IST] -- DaemonThread:filetogtpinterfacedaemon -- ERROR -- com.misys.portal.core.daemon.impl.FileToGTPInterfaceDaemon - File to GTP interface daemon: Unable to access directory D:/gtpdeamon/error
[Wed Nov 08 16:52:31 IST] -- DaemonThread:filetogtpinterfacedaemon -- ERROR -- com.misys.portal.core.daemon.impl.FileToGTPInterfaceDaemon - File to GTP interface daemon: Unable to access directory D:/gtpdeamon/completed
[Wed Nov 08 16:52:31 IST] -- DaemonThread:filetogtpinterfacedaemon -- ERROR -- com.misys.portal.core.daemon.impl.FileToGTPInterfaceDaemon - File to GTP interface daemon: Unable to access directory D:/gtpdeamon/error
[Wed Nov 08 16:52:51 IST] -- DaemonThread:filetogtpinterfacedaemon -- ERROR -- com.misys.portal.core.daemon.impl.FileToGTPInterfaceDaemon - File to GTP interface daemon: Unable to access directory D:/gtpdeamon/completed
[Wed Nov 08 16:52:51 IST] -- DaemonThread:filetogtpinterfacedaemon -- ERROR -- com.misys.portal.core.daemon.impl.FileToGTPInterfaceDaemon - File to GTP interface daemon: Unable to access directory D:/gtpdeamon/error
[Wed Nov 08 16:53:11 IST] -- DaemonThread:filetogtpinterfacedaemon -- ERROR -- com.misys.portal.core.daemon.impl.FileToGTPInterfaceDaemon - File to GTP interface daemon: Unable to access directory D:/gtpdeamon/completed
[Wed Nov 08 16:53:11 IST] -- DaemonThread:filetogtpinterfacedaemon -- ERROR -- com.misys.portal.core.daemon.impl.FileToGTPInterfaceDaemon - File to GTP interface daemon: Unable to access directory D:/gtpdeamon/error
[Wed Nov 08 16:53:31 IST] -- DaemonThread:filetogtpinterfacedaemon -- ERROR -- com.misys.portal.core.daemon.impl.FileToGTPInterfaceDaemon - File to GTP interface daemon: Unable to access directory D:/gtpdeamon/completed
[Wed Nov 08 16:53:31 IST] -- DaemonThread:filetogtpinterfacedaemon -- ERROR -- com.misys.portal.core.daemon.impl.FileToGTPInterfaceDaemon - File to GTP interface daemon: Unable to access directory D:/gtpdeamon/error
[Wed Nov 08 16:53:51 IST] -- DaemonThread:filetogtpinterfacedaemon -- ERROR -- com.misys.portal.core.daemon.impl.FileToGTPInterfaceDaemon - File to GTP interface daemon: Unable to access directory D:/gtpdeamon/completed
[Wed Nov 08 16:53:51 IST] -- DaemonThread:filetogtpinterfacedaemon -- ERROR -- com.misys.portal.core.daemon.impl.FileToGTPInterfaceDaemon - File to GTP interface daemon: Unable to access directory D:/gtpdeamon/error
[Wed Nov 08 16:54:11 IST] -- DaemonThread:filetogtpinterfacedaemon -- ERROR -- com.misys.portal.core.daemon.impl.FileToGTPInterfaceDaemon - File to GTP interface daemon: Unable to access directory D:/gtpdeamon/completed
[Wed Nov 08 16:54:11 IST] -- DaemonThread:filetogtpinterfacedaemon -- ERROR -- com.misys.portal.core.daemon.impl.FileToGTPInterfaceDaemon - File to GTP interface daemon: Unable to access directory D:/gtpdeamon/error
[Wed Nov 08 16:54:31 IST] -- DaemonThread:filetogtpinterfacedaemon -- ERROR -- com.misys.portal.core.daemon.impl.FileToGTPInterfaceDaemon - File to GTP interface daemon: Unable to access directory D:/gtpdeamon/completed
[Wed Nov 08 16:54:31 IST] -- DaemonThread:filetogtpinterfacedaemon -- ERROR -- com.misys.portal.core.daemon.impl.FileToGTPInterfaceDaemon - File to GTP interface daemon: Unable to access directory D:/gtpdeamon/error
[Wed Nov 08 16:54:51 IST] -- DaemonThread:filetogtpinterfacedaemon -- ERROR -- com.misys.portal.core.daemon.impl.FileToGTPInterfaceDaemon - File to GTP interface daemon: Unable to access directory D:/gtpdeamon/completed
[Wed Nov 08 16:54:51 IST] -- DaemonThread:filetogtpinterfacedaemon -- ERROR -- com.misys.portal.core.daemon.impl.FileToGTPInterfaceDaemon - File to GTP interface daemon: Unable to access directory D:/gtpdeamon/error
[Wed Nov 08 16:55:11 IST] -- DaemonThread:filetogtpinterfacedaemon -- ERROR -- com.misys.portal.core.daemon.impl.FileToGTPInterfaceDaemon - File to GTP interface daemon: Unable to access directory D:/gtpdeamon/completed
[Wed Nov 08 16:55:11 IST] -- DaemonThread:filetogtpinterfacedaemon -- ERROR -- com.misys.portal.core.daemon.impl.FileToGTPInterfaceDaemon - File to GTP interface daemon: Unable to access directory D:/gtpdeamon/error
[Wed Nov 08 16:55:31 IST] -- DaemonThread:filetogtpinterfacedaemon -- ERROR -- com.misys.portal.core.daemon.impl.FileToGTPInterfaceDaemon - File to GTP interface daemon: Unable to access directory D:/gtpdeamon/completed
[Wed Nov 08 16:55:31 IST] -- DaemonThread:filetogtpinterfacedaemon -- ERROR -- com.misys.portal.core.daemon.impl.FileToGTPInterfaceDaemon - File to GTP interface daemon: Unable to access directory D:/gtpdeamon/error
[Wed Nov 08 16:55:51 IST] -- DaemonThread:filetogtpinterfacedaemon -- ERROR -- com.misys.portal.core.daemon.impl.FileToGTPInterfaceDaemon - File to GTP interface daemon: Unable to access directory D:/gtpdeamon/completed
[Wed Nov 08 16:55:51 IST] -- DaemonThread:filetogtpinterfacedaemon -- ERROR -- com.misys.portal.core.daemon.impl.FileToGTPInterfaceDaemon - File to GTP interface daemon: Unable to access directory D:/gtpdeamon/error
[Wed Nov 08 16:56:11 IST] -- DaemonThread:filetogtpinterfacedaemon -- ERROR -- com.misys.portal.core.daemon.impl.FileToGTPInterfaceDaemon - File to GTP interface daemon: Unable to access directory D:/gtpdeamon/completed
[Wed Nov 08 16:56:11 IST] -- DaemonThread:filetogtpinterfacedaemon -- ERROR -- com.misys.portal.core.daemon.impl.FileToGTPInterfaceDaemon - File to GTP interface daemon: Unable to access directory D:/gtpdeamon/error
[Wed Nov 08 16:56:31 IST] -- DaemonThread:filetogtpinterfacedaemon -- ERROR -- com.misys.portal.core.daemon.impl.FileToGTPInterfaceDaemon - File to GTP interface daemon: Unable to access directory D:/gtpdeamon/completed
[Wed Nov 08 16:56:31 IST] -- DaemonThread:filetogtpinterfacedaemon -- ERROR -- com.misys.portal.core.daemon.impl.FileToGTPInterfaceDaemon - File to GTP interface daemon: Unable to access directory D:/gtpdeamon/error
[Wed Nov 08 16:56:51 IST] -- DaemonThread:filetogtpinterfacedaemon -- ERROR -- com.misys.portal.core.daemon.impl.FileToGTPInterfaceDaemon - File to GTP interface daemon: Unable to access directory D:/gtpdeamon/completed
[Wed Nov 08 16:56:51 IST] -- DaemonThread:filetogtpinterfacedaemon -- ERROR -- com.misys.portal.core.daemon.impl.FileToGTPInterfaceDaemon - File to GTP interface daemon: Unable to access directory D:/gtpdeamon/error
[Wed Nov 08 16:57:11 IST] -- DaemonThread:filetogtpinterfacedaemon -- ERROR -- com.misys.portal.core.daemon.impl.FileToGTPInterfaceDaemon - File to GTP interface daemon: Unable to access directory D:/gtpdeamon/completed
[Wed Nov 08 16:57:11 IST] -- DaemonThread:filetogtpinterfacedaemon -- ERROR -- com.misys.portal.core.daemon.impl.FileToGTPInterfaceDaemon - File to GTP interface daemon: Unable to access directory D:/gtpdeamon/error
[Wed Nov 08 16:57:31 IST] -- DaemonThread:filetogtpinterfacedaemon -- ERROR -- com.misys.portal.core.daemon.impl.FileToGTPInterfaceDaemon - File to GTP interface daemon: Unable to access directory D:/gtpdeamon/completed
[Wed Nov 08 16:57:31 IST] -- DaemonThread:filetogtpinterfacedaemon -- ERROR -- com.misys.portal.core.daemon.impl.FileToGTPInterfaceDaemon - File to GTP interface daemon: Unable to access directory D:/gtpdeamon/error
[Wed Nov 08 16:57:51 IST] -- DaemonThread:filetogtpinterfacedaemon -- ERROR -- com.misys.portal.core.daemon.impl.FileToGTPInterfaceDaemon - File to GTP interface daemon: Unable to access directory D:/gtpdeamon/completed
[Wed Nov 08 16:57:51 IST] -- DaemonThread:filetogtpinterfacedaemon -- ERROR -- com.misys.portal.core.daemon.impl.FileToGTPInterfaceDaemon - File to GTP interface daemon: Unable to access directory D:/gtpdeamon/error
[Wed Nov 08 16:58:11 IST] -- DaemonThread:filetogtpinterfacedaemon -- ERROR -- com.misys.portal.core.daemon.impl.FileToGTPInterfaceDaemon - File to GTP interface daemon: Unable to access directory D:/gtpdeamon/completed
[Wed Nov 08 16:58:11 IST] -- DaemonThread:filetogtpinterfacedaemon -- ERROR -- com.misys.portal.core.daemon.impl.FileToGTPInterfaceDaemon - File to GTP interface daemon: Unable to access directory D:/gtpdeamon/error
[Wed Nov 08 16:58:31 IST] -- DaemonThread:filetogtpinterfacedaemon -- ERROR -- com.misys.portal.core.daemon.impl.FileToGTPInterfaceDaemon - File to GTP interface daemon: Unable to access directory D:/gtpdeamon/completed
[Wed Nov 08 16:58:31 IST] -- DaemonThread:filetogtpinterfacedaemon -- ERROR -- com.misys.portal.core.daemon.impl.FileToGTPInterfaceDaemon - File to GTP interface daemon: Unable to access directory D:/gtpdeamon/error
[Wed Nov 08 16:58:51 IST] -- DaemonThread:filetogtpinterfacedaemon -- ERROR -- com.misys.portal.core.daemon.impl.FileToGTPInterfaceDaemon - File to GTP interface daemon: Unable to access directory D:/gtpdeamon/completed
[Wed Nov 08 16:58:51 IST] -- DaemonThread:filetogtpinterfacedaemon -- ERROR -- com.misys.portal.core.daemon.impl.FileToGTPInterfaceDaemon - File to GTP interface daemon: Unable to access directory D:/gtpdeamon/error
[Wed Nov 08 16:59:11 IST] -- DaemonThread:filetogtpinterfacedaemon -- ERROR -- com.misys.portal.core.daemon.impl.FileToGTPInterfaceDaemon - File to GTP interface daemon: Unable to access directory D:/gtpdeamon/completed
[Wed Nov 08 16:59:11 IST] -- DaemonThread:filetogtpinterfacedaemon -- ERROR -- com.misys.portal.core.daemon.impl.FileToGTPInterfaceDaemon - File to GTP interface daemon: Unable to access directory D:/gtpdeamon/error
[Wed Nov 08 16:59:31 IST] -- DaemonThread:filetogtpinterfacedaemon -- ERROR -- com.misys.portal.core.daemon.impl.FileToGTPInterfaceDaemon - File to GTP interface daemon: Unable to access directory D:/gtpdeamon/completed
[Wed Nov 08 16:59:31 IST] -- DaemonThread:filetogtpinterfacedaemon -- ERROR -- com.misys.portal.core.daemon.impl.FileToGTPInterfaceDaemon - File to GTP interface daemon: Unable to access directory D:/gtpdeamon/error
[Wed Nov 08 16:59:51 IST] -- DaemonThread:filetogtpinterfacedaemon -- ERROR -- com.misys.portal.core.daemon.impl.FileToGTPInterfaceDaemon - File to GTP interface daemon: Unable to access directory D:/gtpdeamon/completed
[Wed Nov 08 16:59:51 IST] -- DaemonThread:filetogtpinterfacedaemon -- ERROR -- com.misys.portal.core.daemon.impl.FileToGTPInterfaceDaemon - File to GTP interface daemon: Unable to access directory D:/gtpdeamon/error
[Wed Nov 08 17:00:11 IST] -- DaemonThread:filetogtpinterfacedaemon -- ERROR -- com.misys.portal.core.daemon.impl.FileToGTPInterfaceDaemon - File to GTP interface daemon: Unable to access directory D:/gtpdeamon/completed
[Wed Nov 08 17:00:11 IST] -- DaemonThread:filetogtpinterfacedaemon -- ERROR -- com.misys.portal.core.daemon.impl.FileToGTPInterfaceDaemon - File to GTP interface daemon: Unable to access directory D:/gtpdeamon/error
[Wed Nov 08 17:00:31 IST] -- DaemonThread:filetogtpinterfacedaemon -- ERROR -- com.misys.portal.core.daemon.impl.FileToGTPInterfaceDaemon - File to GTP interface daemon: Unable to access directory D:/gtpdeamon/completed
[Wed Nov 08 17:00:31 IST] -- DaemonThread:filetogtpinterfacedaemon -- ERROR -- com.misys.portal.core.daemon.impl.FileToGTPInterfaceDaemon - File to GTP interface daemon: Unable to access directory D:/gtpdeamon/error
[Wed Nov 08 17:00:51 IST] -- DaemonThread:filetogtpinterfacedaemon -- ERROR -- com.misys.portal.core.daemon.impl.FileToGTPInterfaceDaemon - File to GTP interface daemon: Unable to access directory D:/gtpdeamon/completed
[Wed Nov 08 17:00:51 IST] -- DaemonThread:filetogtpinterfacedaemon -- ERROR -- com.misys.portal.core.daemon.impl.FileToGTPInterfaceDaemon - File to GTP interface daemon: Unable to access directory D:/gtpdeamon/error
[Wed Nov 08 17:01:11 IST] -- DaemonThread:filetogtpinterfacedaemon -- ERROR -- com.misys.portal.core.daemon.impl.FileToGTPInterfaceDaemon - File to GTP interface daemon: Unable to access directory D:/gtpdeamon/completed
[Wed Nov 08 17:01:11 IST] -- DaemonThread:filetogtpinterfacedaemon -- ERROR -- com.misys.portal.core.daemon.impl.FileToGTPInterfaceDaemon - File to GTP interface daemon: Unable to access directory D:/gtpdeamon/error
[Wed Nov 08 17:01:31 IST] -- DaemonThread:filetogtpinterfacedaemon -- ERROR -- com.misys.portal.core.daemon.impl.FileToGTPInterfaceDaemon - File to GTP interface daemon: Unable to access directory D:/gtpdeamon/completed
[Wed Nov 08 17:01:31 IST] -- DaemonThread:filetogtpinterfacedaemon -- ERROR -- com.misys.portal.core.daemon.impl.FileToGTPInterfaceDaemon - File to GTP interface daemon: Unable to access directory D:/gtpdeamon/error
[Wed Nov 08 17:01:51 IST] -- DaemonThread:filetogtpinterfacedaemon -- ERROR -- com.misys.portal.core.daemon.impl.FileToGTPInterfaceDaemon - File to GTP interface daemon: Unable to access directory D:/gtpdeamon/completed
[Wed Nov 08 17:01:51 IST] -- DaemonThread:filetogtpinterfacedaemon -- ERROR -- com.misys.portal.core.daemon.impl.FileToGTPInterfaceDaemon - File to GTP interface daemon: Unable to access directory D:/gtpdeamon/error
[Wed Nov 08 17:02:11 IST] -- DaemonThread:filetogtpinterfacedaemon -- ERROR -- com.misys.portal.core.daemon.impl.FileToGTPInterfaceDaemon - File to GTP interface daemon: Unable to access directory D:/gtpdeamon/completed
[Wed Nov 08 17:02:11 IST] -- DaemonThread:filetogtpinterfacedaemon -- ERROR -- com.misys.portal.core.daemon.impl.FileToGTPInterfaceDaemon - File to GTP interface daemon: Unable to access directory D:/gtpdeamon/error
[Wed Nov 08 17:02:31 IST] -- DaemonThread:filetogtpinterfacedaemon -- ERROR -- com.misys.portal.core.daemon.impl.FileToGTPInterfaceDaemon - File to GTP interface daemon: Unable to access directory D:/gtpdeamon/completed
[Wed Nov 08 17:02:31 IST] -- DaemonThread:filetogtpinterfacedaemon -- ERROR -- com.misys.portal.core.daemon.impl.FileToGTPInterfaceDaemon - File to GTP interface daemon: Unable to access directory D:/gtpdeamon/error
[Wed Nov 08 17:02:51 IST] -- DaemonThread:filetogtpinterfacedaemon -- ERROR -- com.misys.portal.core.daemon.impl.FileToGTPInterfaceDaemon - File to GTP interface daemon: Unable to access directory D:/gtpdeamon/completed
[Wed Nov 08 17:02:51 IST] -- DaemonThread:filetogtpinterfacedaemon -- ERROR -- com.misys.portal.core.daemon.impl.FileToGTPInterfaceDaemon - File to GTP interface daemon: Unable to access directory D:/gtpdeamon/error
[Wed Nov 08 17:03:11 IST] -- DaemonThread:filetogtpinterfacedaemon -- ERROR -- com.misys.portal.core.daemon.impl.FileToGTPInterfaceDaemon - File to GTP interface daemon: Unable to access directory D:/gtpdeamon/completed
[Wed Nov 08 17:03:11 IST] -- DaemonThread:filetogtpinterfacedaemon -- ERROR -- com.misys.portal.core.daemon.impl.FileToGTPInterfaceDaemon - File to GTP interface daemon: Unable to access directory D:/gtpdeamon/error
[Wed Nov 08 17:03:31 IST] -- DaemonThread:filetogtpinterfacedaemon -- ERROR -- com.misys.portal.core.daemon.impl.FileToGTPInterfaceDaemon - File to GTP interface daemon: Unable to access directory D:/gtpdeamon/completed
[Wed Nov 08 17:03:31 IST] -- DaemonThread:filetogtpinterfacedaemon -- ERROR -- com.misys.portal.core.daemon.impl.FileToGTPInterfaceDaemon - File to GTP interface daemon: Unable to access directory D:/gtpdeamon/error
[Wed Nov 08 17:03:51 IST] -- DaemonThread:filetogtpinterfacedaemon -- ERROR -- com.misys.portal.core.daemon.impl.FileToGTPInterfaceDaemon - File to GTP interface daemon: Unable to access directory D:/gtpdeamon/completed
[Wed Nov 08 17:03:51 IST] -- DaemonThread:filetogtpinterfacedaemon -- ERROR -- com.misys.portal.core.daemon.impl.FileToGTPInterfaceDaemon - File to GTP interface daemon: Unable to access directory D:/gtpdeamon/error
[Wed Nov 08 17:04:11 IST] -- DaemonThread:filetogtpinterfacedaemon -- ERROR -- com.misys.portal.core.daemon.impl.FileToGTPInterfaceDaemon - File to GTP interface daemon: Unable to access directory D:/gtpdeamon/completed
[Wed Nov 08 17:04:11 IST] -- DaemonThread:filetogtpinterfacedaemon -- ERROR -- com.misys.portal.core.daemon.impl.FileToGTPInterfaceDaemon - File to GTP interface daemon: Unable to access directory D:/gtpdeamon/error
[Wed Nov 08 17:04:31 IST] -- DaemonThread:filetogtpinterfacedaemon -- ERROR -- com.misys.portal.core.daemon.impl.FileToGTPInterfaceDaemon - File to GTP interface daemon: Unable to access directory D:/gtpdeamon/completed
[Wed Nov 08 17:04:31 IST] -- DaemonThread:filetogtpinterfacedaemon -- ERROR -- com.misys.portal.core.daemon.impl.FileToGTPInterfaceDaemon - File to GTP interface daemon: Unable to access directory D:/gtpdeamon/error
[Wed Nov 08 17:04:51 IST] -- DaemonThread:filetogtpinterfacedaemon -- ERROR -- com.misys.portal.core.daemon.impl.FileToGTPInterfaceDaemon - File to GTP interface daemon: Unable to access directory D:/gtpdeamon/completed
[Wed Nov 08 17:04:51 IST] -- DaemonThread:filetogtpinterfacedaemon -- ERROR -- com.misys.portal.core.daemon.impl.FileToGTPInterfaceDaemon - File to GTP interface daemon: Unable to access directory D:/gtpdeamon/error
[Wed Nov 08 17:05:11 IST] -- DaemonThread:filetogtpinterfacedaemon -- ERROR -- com.misys.portal.core.daemon.impl.FileToGTPInterfaceDaemon - File to GTP interface daemon: Unable to access directory D:/gtpdeamon/completed
[Wed Nov 08 17:05:11 IST] -- DaemonThread:filetogtpinterfacedaemon -- ERROR -- com.misys.portal.core.daemon.impl.FileToGTPInterfaceDaemon - File to GTP interface daemon: Unable to access directory D:/gtpdeamon/error
[Wed Nov 08 17:05:31 IST] -- DaemonThread:filetogtpinterfacedaemon -- ERROR -- com.misys.portal.core.daemon.impl.FileToGTPInterfaceDaemon - File to GTP interface daemon: Unable to access directory D:/gtpdeamon/completed
[Wed Nov 08 17:05:31 IST] -- DaemonThread:filetogtpinterfacedaemon -- ERROR -- com.misys.portal.core.daemon.impl.FileToGTPInterfaceDaemon - File to GTP interface daemon: Unable to access directory D:/gtpdeamon/error
[Wed Nov 08 17:05:51 IST] -- DaemonThread:filetogtpinterfacedaemon -- ERROR -- com.misys.portal.core.daemon.impl.FileToGTPInterfaceDaemon - File to GTP interface daemon: Unable to access directory D:/gtpdeamon/completed
[Wed Nov 08 17:05:51 IST] -- DaemonThread:filetogtpinterfacedaemon -- ERROR -- com.misys.portal.core.daemon.impl.FileToGTPInterfaceDaemon - File to GTP interface daemon: Unable to access directory D:/gtpdeamon/error
[Wed Nov 08 17:06:11 IST] -- DaemonThread:filetogtpinterfacedaemon -- ERROR -- com.misys.portal.core.daemon.impl.FileToGTPInterfaceDaemon - File to GTP interface daemon: Unable to access directory D:/gtpdeamon/completed
[Wed Nov 08 17:06:11 IST] -- DaemonThread:filetogtpinterfacedaemon -- ERROR -- com.misys.portal.core.daemon.impl.FileToGTPInterfaceDaemon - File to GTP interface daemon: Unable to access directory D:/gtpdeamon/error
[Wed Nov 08 17:06:31 IST] -- DaemonThread:filetogtpinterfacedaemon -- ERROR -- com.misys.portal.core.daemon.impl.FileToGTPInterfaceDaemon - File to GTP interface daemon: Unable to access directory D:/gtpdeamon/completed
[Wed Nov 08 17:06:31 IST] -- DaemonThread:filetogtpinterfacedaemon -- ERROR -- com.misys.portal.core.daemon.impl.FileToGTPInterfaceDaemon - File to GTP interface daemon: Unable to access directory D:/gtpdeamon/error
[Wed Nov 08 17:06:51 IST] -- DaemonThread:filetogtpinterfacedaemon -- ERROR -- com.misys.portal.core.daemon.impl.FileToGTPInterfaceDaemon - File to GTP interface daemon: Unable to access directory D:/gtpdeamon/completed
[Wed Nov 08 17:06:51 IST] -- DaemonThread:filetogtpinterfacedaemon -- ERROR -- com.misys.portal.core.daemon.impl.FileToGTPInterfaceDaemon - File to GTP interface daemon: Unable to access directory D:/gtpdeamon/error
[Wed Nov 08 17:07:11 IST] -- DaemonThread:filetogtpinterfacedaemon -- ERROR -- com.misys.portal.core.daemon.impl.FileToGTPInterfaceDaemon - File to GTP interface daemon: Unable to access directory D:/gtpdeamon/completed
[Wed Nov 08 17:07:11 IST] -- DaemonThread:filetogtpinterfacedaemon -- ERROR -- com.misys.portal.core.daemon.impl.FileToGTPInterfaceDaemon - File to GTP interface daemon: Unable to access directory D:/gtpdeamon/error
[Wed Nov 08 17:07:31 IST] -- DaemonThread:filetogtpinterfacedaemon -- ERROR -- com.misys.portal.core.daemon.impl.FileToGTPInterfaceDaemon - File to GTP interface daemon: Unable to access directory D:/gtpdeamon/completed
[Wed Nov 08 17:07:31 IST] -- DaemonThread:filetogtpinterfacedaemon -- ERROR -- com.misys.portal.core.daemon.impl.FileToGTPInterfaceDaemon - File to GTP interface daemon: Unable to access directory D:/gtpdeamon/error
[Wed Nov 08 17:07:51 IST] -- DaemonThread:filetogtpinterfacedaemon -- ERROR -- com.misys.portal.core.daemon.impl.FileToGTPInterfaceDaemon - File to GTP interface daemon: Unable to access directory D:/gtpdeamon/completed
[Wed Nov 08 17:07:51 IST] -- DaemonThread:filetogtpinterfacedaemon -- ERROR -- com.misys.portal.core.daemon.impl.FileToGTPInterfaceDaemon - File to GTP interface daemon: Unable to access directory D:/gtpdeamon/error
[Wed Nov 08 17:08:11 IST] -- http-nio-8086-exec-2 -- INFO  -- com.misys.portal.webservices.apis.client.controller.FetchingServerDateController - getServerTime -Starts
[Wed Nov 08 17:08:11 IST] -- http-nio-8086-exec-2 -- INFO  -- com.misys.portal.webservices.apis.client.controller.FetchingServerDateController - getServerTime -result ->{serverDate=08/11/2023}
[Wed Nov 08 17:08:11 IST] -- http-nio-8086-exec-1 -- INFO  -- com.misys.portal.webservices.apis.interceptors.UUIDInterceptor - Inside preHandle
[Wed Nov 08 17:08:11 IST] -- http-nio-8086-exec-1 -- INFO  -- com.misys.portal.webservices.apis.aop.LoggingAspect - Entering Class = com.finastra.internal.api.genericproduct.GenericProductPersistentController.submitGenericProduct()
[Wed Nov 08 17:08:11 IST] -- http-nio-8086-exec-1 -- INFO  -- com.misys.portal.webservices.apis.aop.OpenApiEtagValidationAspect - Etag Validation starts here
[Wed Nov 08 17:08:11 IST] -- http-nio-8086-exec-1 -- INFO  -- com.misys.portal.webservices.apis.aop.PermissionAndAuditGenricAPIAspect - checking user access permissions to resource
[Wed Nov 08 17:08:11 IST] -- http-nio-8086-exec-1 -- INFO  -- com.misys.portal.common.tracer.Audit - In saveLog method
[Wed Nov 08 17:08:11 IST] -- DaemonThread:filetogtpinterfacedaemon -- ERROR -- com.misys.portal.core.daemon.impl.FileToGTPInterfaceDaemon - File to GTP interface daemon: Unable to access directory D:/gtpdeamon/completed
[Wed Nov 08 17:08:11 IST] -- DaemonThread:filetogtpinterfacedaemon -- ERROR -- com.misys.portal.core.daemon.impl.FileToGTPInterfaceDaemon - File to GTP interface daemon: Unable to access directory D:/gtpdeamon/error
[Wed Nov 08 17:08:14 IST] -- http-nio-8086-exec-1 -- INFO  -- com.misys.portal.core.cache.FAOApplicationCacheUtils - com.misys.portal.core.cache.FAOApplicationCacheUtils.getALLPermission: long running , started : 2256ms
[Wed Nov 08 17:08:14 IST] -- http-nio-8086-exec-1 -- INFO  -- com.misys.portal.webservices.apis.aop.LoggingAspect - Entering Class = com.finastra.internal.api.genericproduct.GenericProductServiceImpl.persistGenericProduct()
[Wed Nov 08 17:08:24 IST] -- http-nio-8086-exec-1 -- INFO  -- com.misys.portal.core.cache.FAOApplicationCacheUtils - com.misys.portal.core.cache.FAOApplicationCacheUtils.getAllRoles: long running , started : 2300ms
[Wed Nov 08 17:08:24 IST] -- http-nio-8086-exec-1 -- INFO  -- com.misys.portal.core.cache.FAOApplicationCacheUtils - com.misys.portal.core.cache.FAOApplicationCacheUtils.getAllRolePermissions: long running , started : 9263ms
[Wed Nov 08 17:08:24 IST] -- http-nio-8086-exec-1 -- INFO  -- com.misys.portal.client.autogenerateddocs.ClientDefaultGenericDocumentServiceImpl - retreiveDeclarationListOfDocumentInfo start...................
[Wed Nov 08 17:08:24 IST] -- http-nio-8086-exec-1 -- INFO  -- com.misys.portal.client.autogenerateddocs.ClientDefaultGenericDocumentServiceImpl - retreiveDeclarationListOfDocumentInfo result ---------->[]
[Wed Nov 08 17:08:24 IST] -- http-nio-8086-exec-1 -- INFO  -- com.misys.portal.client.autogenerateddocs.ClientDefaultGenericDocumentServiceImpl - retreiveDeclarationListOfDocumentInfo End...................
[Wed Nov 08 17:08:24 IST] -- http-nio-8086-exec-1 -- INFO  -- com.misys.portal.client.autogenerateddocs.ClientDefaultGenericDocumentServiceImpl - Decleration result-----------0
[Wed Nov 08 17:08:25 IST] -- http-nio-8086-exec-1 -- INFO  -- com.misys.portal.webservices.apis.aop.LoggingAspect - Entering Class = com.finastra.internal.api.genericproduct.details.GenericProductDetailsServiceImpl.getEventDetailsForSubmitTransaction()
[Wed Nov 08 17:08:26 IST] -- http-nio-8086-exec-1 -- INFO  -- com.misys.portal.webservices.apis.aop.LoggingAspect - Entering Class = com.finastra.internal.api.genericproduct.GenericProductServiceImpl.encodeSpecialCharactersForNestedFields()
[Wed Nov 08 17:08:26 IST] -- http-nio-8086-exec-1 -- INFO  -- com.misys.portal.webservices.apis.aop.LoggingAspect - Exiting Class = com.finastra.internal.api.genericproduct.GenericProductServiceImpl.encodeSpecialCharactersForNestedFields()
[Wed Nov 08 17:08:26 IST] -- http-nio-8086-exec-1 -- INFO  -- com.misys.portal.webservices.apis.aop.LoggingAspect - Entering Class = com.finastra.internal.api.genericproduct.GenericProductServiceImpl.encodeSpecialCharacters()
[Wed Nov 08 17:08:26 IST] -- http-nio-8086-exec-1 -- INFO  -- com.misys.portal.webservices.apis.aop.LoggingAspect - Exiting Class = com.finastra.internal.api.genericproduct.GenericProductServiceImpl.encodeSpecialCharacters()
[Wed Nov 08 17:08:26 IST] -- http-nio-8086-exec-1 -- INFO  -- com.misys.portal.webservices.apis.aop.LoggingAspect - Exiting Class = com.finastra.internal.api.genericproduct.details.GenericProductDetailsServiceImpl.getEventDetailsForSubmitTransaction()
[Wed Nov 08 17:08:26 IST] -- http-nio-8086-exec-1 -- INFO  -- com.misys.portal.webservices.apis.aop.LoggingAspect - Exiting Class = com.finastra.internal.api.genericproduct.GenericProductServiceImpl.persistGenericProduct()
[Wed Nov 08 17:08:26 IST] -- http-nio-8086-exec-1 -- INFO  -- com.finastra.openapi.common.OpenAPIUtil - Action Code of the user-->SaveFTTradeInitiation
[Wed Nov 08 17:08:26 IST] -- http-nio-8086-exec-1 -- INFO  -- com.misys.portal.interfaces.core.Bundle - About to run the bundle: SaveFTTradeInitiation
[Wed Nov 08 17:08:26 IST] -- http-nio-8086-exec-1 -- INFO  -- com.misys.portal.common.tracer.Audit - In saveLog method
[Wed Nov 08 17:08:26 IST] -- http-nio-8086-exec-1 -- WARN  -- com.misys.portal.common.localization.Localization - Localization, missing decode for code Id: N079, code name: 02, language: en
[Wed Nov 08 17:08:26 IST] -- http-nio-8086-exec-1 -- WARN  -- com.misys.portal.common.localization.Localization - Fetching localization from Code Data ...
[Wed Nov 08 17:08:26 IST] -- http-nio-8086-exec-1 -- WARN  -- com.misys.portal.common.localization.Localization - Localization, missing decode for code Id: N079, code name: 02, language: en
[Wed Nov 08 17:08:26 IST] -- http-nio-8086-exec-1 -- WARN  -- com.misys.portal.common.localization.Localization - Fetching localization from Code Data ...
[Wed Nov 08 17:08:26 IST] -- RunnableThread:4 -- INFO  -- com.misys.portal.interfaces.components.JavaScriptBasedFilterProcessor - The event with bo_ref_id :  bo_tnx_id :  tnx_type_code : 01 tnx_id : 23110800013322 ref_id : FT23110000009760 has been filtered out, the interface branch stops here
[Wed Nov 08 17:08:26 IST] -- RunnableThread:4 -- INFO  -- com.misys.portal.interfaces.components.JavaScriptBasedFilterProcessor - The event with bo_ref_id :  bo_tnx_id :  tnx_type_code : 01 tnx_id : 23110800013322 ref_id : FT23110000009760 has been filtered out, the interface branch stops here
[Wed Nov 08 17:08:26 IST] -- http-nio-8086-exec-1 -- INFO  -- com.misys.portal.webservices.apis.aop.LoggingAspect - Exiting Class = com.finastra.internal.api.genericproduct.GenericProductPersistentController.submitGenericProduct()
[Wed Nov 08 17:08:26 IST] -- http-nio-8086-exec-1 -- INFO  -- com.misys.portal.webservices.apis.interceptors.UUIDInterceptor - Inside postHandle
[Wed Nov 08 17:08:26 IST] -- http-nio-8086-exec-1 -- INFO  -- com.misys.portal.webservices.apis.interceptors.UUIDInterceptor - Inside afterCompletion
[Wed Nov 08 17:08:26 IST] -- http-nio-8086-exec-3 -- INFO  -- com.misys.portal.webservices.apis.aop.LoggingAspect - Entering Class = com.finastra.openapi.api.files.DocumentsApiController.getFileMetadata()
[Wed Nov 08 17:08:26 IST] -- http-nio-8086-exec-3 -- INFO  -- com.misys.portal.common.binder.GTPRequestActionBinder - Start getActionCodeFromMethodName()
[Wed Nov 08 17:08:26 IST] -- http-nio-8086-exec-3 -- INFO  -- com.misys.portal.webservices.apis.aop.PermissionAndAuditAspect - checking user access permissions to resource
[Wed Nov 08 17:08:26 IST] -- http-nio-8086-exec-3 -- INFO  -- com.misys.portal.webservices.apis.aop.OpenApiEtagValidationAspect - Etag Validation starts here
[Wed Nov 08 17:08:26 IST] -- http-nio-8086-exec-3 -- INFO  -- com.misys.portal.webservices.apis.aop.OpenApiEtagValidationAspect - Done with Etag Validation.
[Wed Nov 08 17:08:26 IST] -- http-nio-8086-exec-3 -- INFO  -- com.misys.portal.webservices.apis.aop.LoggingAspect - Entering Class = com.finastra.openapi.api.services.DocumentService.getFileMetaDataList()
[Wed Nov 08 17:08:26 IST] -- http-nio-8086-exec-3 -- INFO  -- com.misys.portal.webservices.apis.aop.LoggingAspect - Entering Class = com.finastra.openapi.api.files.validation.FileValidationUtils.validateEventId()
[Wed Nov 08 17:08:26 IST] -- http-nio-8086-exec-3 -- INFO  -- com.misys.portal.webservices.apis.aop.LoggingAspect - Exiting Class = com.finastra.openapi.api.files.validation.FileValidationUtils.validateEventId()
[Wed Nov 08 17:08:26 IST] -- http-nio-8086-exec-3 -- WARN  -- com.misys.portal.report.ListDef - Reading a new ListDef: core/listdef/systemfeatures/documentsDetailsOpenAPI.xml
[Wed Nov 08 17:08:26 IST] -- http-nio-8086-exec-3 -- WARN  -- com.misys.portal.report.ParameterFactory - Error when instantiating Parameter : 
[Wed Nov 08 17:08:26 IST] -- http-nio-8086-exec-3 -- WARN  -- com.misys.portal.report.ParameterFactory - Error when instantiating Parameter : 
[Wed Nov 08 17:08:26 IST] -- http-nio-8086-exec-3 -- WARN  -- com.misys.portal.report.ParameterFactory - Error when instantiating Parameter : 
[Wed Nov 08 17:08:26 IST] -- http-nio-8086-exec-3 -- WARN  -- com.misys.portal.report.ParameterFactory - Error when instantiating Parameter : 
[Wed Nov 08 17:08:26 IST] -- http-nio-8086-exec-3 -- INFO  -- com.misys.portal.report.processor.Processor - Method read took Duration: 0 milliseconds
[Wed Nov 08 17:08:26 IST] -- http-nio-8086-exec-3 -- WARN  -- com.misys.portal.report.processor.sql.SQLInputSource - 1 row(s) were read from the DB.
[Wed Nov 08 17:08:26 IST] -- http-nio-8086-exec-3 -- INFO  -- com.misys.portal.webservices.apis.aop.LoggingAspect - Exiting Class = com.finastra.openapi.api.services.DocumentService.getFileMetaDataList()
[Wed Nov 08 17:08:26 IST] -- http-nio-8086-exec-3 -- INFO  -- com.finastra.openapi.common.OpenAPIUtil - Action Code of the user-->UploadAttachment
[Wed Nov 08 17:08:26 IST] -- http-nio-8086-exec-3 -- INFO  -- com.misys.portal.webservices.apis.aop.LoggingAspect - Exiting Class = com.finastra.openapi.api.files.DocumentsApiController.getFileMetadata()
[Wed Nov 08 17:08:32 IST] -- DaemonThread:filetogtpinterfacedaemon -- ERROR -- com.misys.portal.core.daemon.impl.FileToGTPInterfaceDaemon - File to GTP interface daemon: Unable to access directory D:/gtpdeamon/completed
[Wed Nov 08 17:08:32 IST] -- DaemonThread:filetogtpinterfacedaemon -- ERROR -- com.misys.portal.core.daemon.impl.FileToGTPInterfaceDaemon - File to GTP interface daemon: Unable to access directory D:/gtpdeamon/error
[Wed Nov 08 17:08:52 IST] -- DaemonThread:filetogtpinterfacedaemon -- ERROR -- com.misys.portal.core.daemon.impl.FileToGTPInterfaceDaemon - File to GTP interface daemon: Unable to access directory D:/gtpdeamon/completed
[Wed Nov 08 17:08:52 IST] -- DaemonThread:filetogtpinterfacedaemon -- ERROR -- com.misys.portal.core.daemon.impl.FileToGTPInterfaceDaemon - File to GTP interface daemon: Unable to access directory D:/gtpdeamon/error
[Wed Nov 08 17:09:12 IST] -- DaemonThread:filetogtpinterfacedaemon -- ERROR -- com.misys.portal.core.daemon.impl.FileToGTPInterfaceDaemon - File to GTP interface daemon: Unable to access directory D:/gtpdeamon/completed
[Wed Nov 08 17:09:12 IST] -- DaemonThread:filetogtpinterfacedaemon -- ERROR -- com.misys.portal.core.daemon.impl.FileToGTPInterfaceDaemon - File to GTP interface daemon: Unable to access directory D:/gtpdeamon/error
[Wed Nov 08 17:09:32 IST] -- DaemonThread:filetogtpinterfacedaemon -- ERROR -- com.misys.portal.core.daemon.impl.FileToGTPInterfaceDaemon - File to GTP interface daemon: Unable to access directory D:/gtpdeamon/completed
[Wed Nov 08 17:09:32 IST] -- DaemonThread:filetogtpinterfacedaemon -- ERROR -- com.misys.portal.core.daemon.impl.FileToGTPInterfaceDaemon - File to GTP interface daemon: Unable to access directory D:/gtpdeamon/error
[Wed Nov 08 17:09:52 IST] -- DaemonThread:filetogtpinterfacedaemon -- ERROR -- com.misys.portal.core.daemon.impl.FileToGTPInterfaceDaemon - File to GTP interface daemon: Unable to access directory D:/gtpdeamon/completed
[Wed Nov 08 17:09:52 IST] -- DaemonThread:filetogtpinterfacedaemon -- ERROR -- com.misys.portal.core.daemon.impl.FileToGTPInterfaceDaemon - File to GTP interface daemon: Unable to access directory D:/gtpdeamon/error
[Wed Nov 08 17:10:12 IST] -- DaemonThread:filetogtpinterfacedaemon -- ERROR -- com.misys.portal.core.daemon.impl.FileToGTPInterfaceDaemon - File to GTP interface daemon: Unable to access directory D:/gtpdeamon/completed
[Wed Nov 08 17:10:12 IST] -- DaemonThread:filetogtpinterfacedaemon -- ERROR -- com.misys.portal.core.daemon.impl.FileToGTPInterfaceDaemon - File to GTP interface daemon: Unable to access directory D:/gtpdeamon/error
[Wed Nov 08 17:10:32 IST] -- DaemonThread:filetogtpinterfacedaemon -- ERROR -- com.misys.portal.core.daemon.impl.FileToGTPInterfaceDaemon - File to GTP interface daemon: Unable to access directory D:/gtpdeamon/completed
[Wed Nov 08 17:10:32 IST] -- DaemonThread:filetogtpinterfacedaemon -- ERROR -- com.misys.portal.core.daemon.impl.FileToGTPInterfaceDaemon - File to GTP interface daemon: Unable to access directory D:/gtpdeamon/error
[Wed Nov 08 17:10:52 IST] -- DaemonThread:filetogtpinterfacedaemon -- ERROR -- com.misys.portal.core.daemon.impl.FileToGTPInterfaceDaemon - File to GTP interface daemon: Unable to access directory D:/gtpdeamon/completed
[Wed Nov 08 17:10:52 IST] -- DaemonThread:filetogtpinterfacedaemon -- ERROR -- com.misys.portal.core.daemon.impl.FileToGTPInterfaceDaemon - File to GTP interface daemon: Unable to access directory D:/gtpdeamon/error
[Wed Nov 08 17:11:12 IST] -- DaemonThread:filetogtpinterfacedaemon -- ERROR -- com.misys.portal.core.daemon.impl.FileToGTPInterfaceDaemon - File to GTP interface daemon: Unable to access directory D:/gtpdeamon/completed
[Wed Nov 08 17:11:12 IST] -- DaemonThread:filetogtpinterfacedaemon -- ERROR -- com.misys.portal.core.daemon.impl.FileToGTPInterfaceDaemon - File to GTP interface daemon: Unable to access directory D:/gtpdeamon/error
[Wed Nov 08 17:11:32 IST] -- DaemonThread:filetogtpinterfacedaemon -- ERROR -- com.misys.portal.core.daemon.impl.FileToGTPInterfaceDaemon - File to GTP interface daemon: Unable to access directory D:/gtpdeamon/completed
[Wed Nov 08 17:11:32 IST] -- DaemonThread:filetogtpinterfacedaemon -- ERROR -- com.misys.portal.core.daemon.impl.FileToGTPInterfaceDaemon - File to GTP interface daemon: Unable to access directory D:/gtpdeamon/error
[Wed Nov 08 17:11:52 IST] -- DaemonThread:filetogtpinterfacedaemon -- ERROR -- com.misys.portal.core.daemon.impl.FileToGTPInterfaceDaemon - File to GTP interface daemon: Unable to access directory D:/gtpdeamon/completed
[Wed Nov 08 17:11:52 IST] -- DaemonThread:filetogtpinterfacedaemon -- ERROR -- com.misys.portal.core.daemon.impl.FileToGTPInterfaceDaemon - File to GTP interface daemon: Unable to access directory D:/gtpdeamon/error
[Wed Nov 08 17:12:12 IST] -- DaemonThread:filetogtpinterfacedaemon -- ERROR -- com.misys.portal.core.daemon.impl.FileToGTPInterfaceDaemon - File to GTP interface daemon: Unable to access directory D:/gtpdeamon/completed
[Wed Nov 08 17:12:12 IST] -- DaemonThread:filetogtpinterfacedaemon -- ERROR -- com.misys.portal.core.daemon.impl.FileToGTPInterfaceDaemon - File to GTP interface daemon: Unable to access directory D:/gtpdeamon/error
[Wed Nov 08 17:12:32 IST] -- DaemonThread:filetogtpinterfacedaemon -- ERROR -- com.misys.portal.core.daemon.impl.FileToGTPInterfaceDaemon - File to GTP interface daemon: Unable to access directory D:/gtpdeamon/completed
[Wed Nov 08 17:12:32 IST] -- DaemonThread:filetogtpinterfacedaemon -- ERROR -- com.misys.portal.core.daemon.impl.FileToGTPInterfaceDaemon - File to GTP interface daemon: Unable to access directory D:/gtpdeamon/error
[Wed Nov 08 17:12:52 IST] -- DaemonThread:filetogtpinterfacedaemon -- ERROR -- com.misys.portal.core.daemon.impl.FileToGTPInterfaceDaemon - File to GTP interface daemon: Unable to access directory D:/gtpdeamon/completed
[Wed Nov 08 17:12:52 IST] -- DaemonThread:filetogtpinterfacedaemon -- ERROR -- com.misys.portal.core.daemon.impl.FileToGTPInterfaceDaemon - File to GTP interface daemon: Unable to access directory D:/gtpdeamon/error
[Wed Nov 08 17:13:12 IST] -- DaemonThread:filetogtpinterfacedaemon -- ERROR -- com.misys.portal.core.daemon.impl.FileToGTPInterfaceDaemon - File to GTP interface daemon: Unable to access directory D:/gtpdeamon/completed
[Wed Nov 08 17:13:12 IST] -- DaemonThread:filetogtpinterfacedaemon -- ERROR -- com.misys.portal.core.daemon.impl.FileToGTPInterfaceDaemon - File to GTP interface daemon: Unable to access directory D:/gtpdeamon/error
[Wed Nov 08 17:13:32 IST] -- DaemonThread:filetogtpinterfacedaemon -- ERROR -- com.misys.portal.core.daemon.impl.FileToGTPInterfaceDaemon - File to GTP interface daemon: Unable to access directory D:/gtpdeamon/completed
[Wed Nov 08 17:13:32 IST] -- DaemonThread:filetogtpinterfacedaemon -- ERROR -- com.misys.portal.core.daemon.impl.FileToGTPInterfaceDaemon - File to GTP interface daemon: Unable to access directory D:/gtpdeamon/error
[Wed Nov 08 17:13:52 IST] -- DaemonThread:filetogtpinterfacedaemon -- ERROR -- com.misys.portal.core.daemon.impl.FileToGTPInterfaceDaemon - File to GTP interface daemon: Unable to access directory D:/gtpdeamon/completed
[Wed Nov 08 17:13:52 IST] -- DaemonThread:filetogtpinterfacedaemon -- ERROR -- com.misys.portal.core.daemon.impl.FileToGTPInterfaceDaemon - File to GTP interface daemon: Unable to access directory D:/gtpdeamon/error
[Wed Nov 08 17:14:12 IST] -- DaemonThread:filetogtpinterfacedaemon -- ERROR -- com.misys.portal.core.daemon.impl.FileToGTPInterfaceDaemon - File to GTP interface daemon: Unable to access directory D:/gtpdeamon/completed
[Wed Nov 08 17:14:12 IST] -- DaemonThread:filetogtpinterfacedaemon -- ERROR -- com.misys.portal.core.daemon.impl.FileToGTPInterfaceDaemon - File to GTP interface daemon: Unable to access directory D:/gtpdeamon/error
[Wed Nov 08 17:14:32 IST] -- DaemonThread:filetogtpinterfacedaemon -- ERROR -- com.misys.portal.core.daemon.impl.FileToGTPInterfaceDaemon - File to GTP interface daemon: Unable to access directory D:/gtpdeamon/completed
[Wed Nov 08 17:14:32 IST] -- DaemonThread:filetogtpinterfacedaemon -- ERROR -- com.misys.portal.core.daemon.impl.FileToGTPInterfaceDaemon - File to GTP interface daemon: Unable to access directory D:/gtpdeamon/error
[Wed Nov 08 17:14:52 IST] -- DaemonThread:filetogtpinterfacedaemon -- ERROR -- com.misys.portal.core.daemon.impl.FileToGTPInterfaceDaemon - File to GTP interface daemon: Unable to access directory D:/gtpdeamon/completed
[Wed Nov 08 17:14:52 IST] -- DaemonThread:filetogtpinterfacedaemon -- ERROR -- com.misys.portal.core.daemon.impl.FileToGTPInterfaceDaemon - File to GTP interface daemon: Unable to access directory D:/gtpdeamon/error
[Wed Nov 08 17:15:12 IST] -- DaemonThread:filetogtpinterfacedaemon -- ERROR -- com.misys.portal.core.daemon.impl.FileToGTPInterfaceDaemon - File to GTP interface daemon: Unable to access directory D:/gtpdeamon/completed
[Wed Nov 08 17:15:12 IST] -- DaemonThread:filetogtpinterfacedaemon -- ERROR -- com.misys.portal.core.daemon.impl.FileToGTPInterfaceDaemon - File to GTP interface daemon: Unable to access directory D:/gtpdeamon/error
[Wed Nov 08 17:15:32 IST] -- DaemonThread:filetogtpinterfacedaemon -- ERROR -- com.misys.portal.core.daemon.impl.FileToGTPInterfaceDaemon - File to GTP interface daemon: Unable to access directory D:/gtpdeamon/completed
[Wed Nov 08 17:15:32 IST] -- DaemonThread:filetogtpinterfacedaemon -- ERROR -- com.misys.portal.core.daemon.impl.FileToGTPInterfaceDaemon - File to GTP interface daemon: Unable to access directory D:/gtpdeamon/error
[Wed Nov 08 17:15:52 IST] -- DaemonThread:filetogtpinterfacedaemon -- ERROR -- com.misys.portal.core.daemon.impl.FileToGTPInterfaceDaemon - File to GTP interface daemon: Unable to access directory D:/gtpdeamon/completed
[Wed Nov 08 17:15:52 IST] -- DaemonThread:filetogtpinterfacedaemon -- ERROR -- com.misys.portal.core.daemon.impl.FileToGTPInterfaceDaemon - File to GTP interface daemon: Unable to access directory D:/gtpdeamon/error
[Wed Nov 08 17:16:12 IST] -- DaemonThread:filetogtpinterfacedaemon -- ERROR -- com.misys.portal.core.daemon.impl.FileToGTPInterfaceDaemon - File to GTP interface daemon: Unable to access directory D:/gtpdeamon/completed
[Wed Nov 08 17:16:12 IST] -- DaemonThread:filetogtpinterfacedaemon -- ERROR -- com.misys.portal.core.daemon.impl.FileToGTPInterfaceDaemon - File to GTP interface daemon: Unable to access directory D:/gtpdeamon/error
[Wed Nov 08 17:16:32 IST] -- DaemonThread:filetogtpinterfacedaemon -- ERROR -- com.misys.portal.core.daemon.impl.FileToGTPInterfaceDaemon - File to GTP interface daemon: Unable to access directory D:/gtpdeamon/completed
[Wed Nov 08 17:16:32 IST] -- DaemonThread:filetogtpinterfacedaemon -- ERROR -- com.misys.portal.core.daemon.impl.FileToGTPInterfaceDaemon - File to GTP interface daemon: Unable to access directory D:/gtpdeamon/error
[Wed Nov 08 17:16:52 IST] -- DaemonThread:filetogtpinterfacedaemon -- ERROR -- com.misys.portal.core.daemon.impl.FileToGTPInterfaceDaemon - File to GTP interface daemon: Unable to access directory D:/gtpdeamon/completed
[Wed Nov 08 17:16:52 IST] -- DaemonThread:filetogtpinterfacedaemon -- ERROR -- com.misys.portal.core.daemon.impl.FileToGTPInterfaceDaemon - File to GTP interface daemon: Unable to access directory D:/gtpdeamon/error
[Wed Nov 08 17:17:12 IST] -- DaemonThread:filetogtpinterfacedaemon -- ERROR -- com.misys.portal.core.daemon.impl.FileToGTPInterfaceDaemon - File to GTP interface daemon: Unable to access directory D:/gtpdeamon/completed
[Wed Nov 08 17:17:12 IST] -- DaemonThread:filetogtpinterfacedaemon -- ERROR -- com.misys.portal.core.daemon.impl.FileToGTPInterfaceDaemon - File to GTP interface daemon: Unable to access directory D:/gtpdeamon/error
[Wed Nov 08 17:17:32 IST] -- DaemonThread:filetogtpinterfacedaemon -- ERROR -- com.misys.portal.core.daemon.impl.FileToGTPInterfaceDaemon - File to GTP interface daemon: Unable to access directory D:/gtpdeamon/completed
[Wed Nov 08 17:17:32 IST] -- DaemonThread:filetogtpinterfacedaemon -- ERROR -- com.misys.portal.core.daemon.impl.FileToGTPInterfaceDaemon - File to GTP interface daemon: Unable to access directory D:/gtpdeamon/error
[Wed Nov 08 17:17:52 IST] -- DaemonThread:filetogtpinterfacedaemon -- ERROR -- com.misys.portal.core.daemon.impl.FileToGTPInterfaceDaemon - File to GTP interface daemon: Unable to access directory D:/gtpdeamon/completed
[Wed Nov 08 17:17:52 IST] -- DaemonThread:filetogtpinterfacedaemon -- ERROR -- com.misys.portal.core.daemon.impl.FileToGTPInterfaceDaemon - File to GTP interface daemon: Unable to access directory D:/gtpdeamon/error
[Wed Nov 08 17:18:12 IST] -- DaemonThread:filetogtpinterfacedaemon -- ERROR -- com.misys.portal.core.daemon.impl.FileToGTPInterfaceDaemon - File to GTP interface daemon: Unable to access directory D:/gtpdeamon/completed
[Wed Nov 08 17:18:12 IST] -- DaemonThread:filetogtpinterfacedaemon -- ERROR -- com.misys.portal.core.daemon.impl.FileToGTPInterfaceDaemon - File to GTP interface daemon: Unable to access directory D:/gtpdeamon/error
[Wed Nov 08 17:18:32 IST] -- DaemonThread:filetogtpinterfacedaemon -- ERROR -- com.misys.portal.core.daemon.impl.FileToGTPInterfaceDaemon - File to GTP interface daemon: Unable to access directory D:/gtpdeamon/completed
[Wed Nov 08 17:18:32 IST] -- DaemonThread:filetogtpinterfacedaemon -- ERROR -- com.misys.portal.core.daemon.impl.FileToGTPInterfaceDaemon - File to GTP interface daemon: Unable to access directory D:/gtpdeamon/error
[Wed Nov 08 17:18:52 IST] -- DaemonThread:filetogtpinterfacedaemon -- ERROR -- com.misys.portal.core.daemon.impl.FileToGTPInterfaceDaemon - File to GTP interface daemon: Unable to access directory D:/gtpdeamon/completed
[Wed Nov 08 17:18:52 IST] -- DaemonThread:filetogtpinterfacedaemon -- ERROR -- com.misys.portal.core.daemon.impl.FileToGTPInterfaceDaemon - File to GTP interface daemon: Unable to access directory D:/gtpdeamon/error
[Wed Nov 08 17:19:12 IST] -- DaemonThread:filetogtpinterfacedaemon -- ERROR -- com.misys.portal.core.daemon.impl.FileToGTPInterfaceDaemon - File to GTP interface daemon: Unable to access directory D:/gtpdeamon/completed
[Wed Nov 08 17:19:12 IST] -- DaemonThread:filetogtpinterfacedaemon -- ERROR -- com.misys.portal.core.daemon.impl.FileToGTPInterfaceDaemon - File to GTP interface daemon: Unable to access directory D:/gtpdeamon/error
[Wed Nov 08 17:19:32 IST] -- DaemonThread:filetogtpinterfacedaemon -- ERROR -- com.misys.portal.core.daemon.impl.FileToGTPInterfaceDaemon - File to GTP interface daemon: Unable to access directory D:/gtpdeamon/completed
[Wed Nov 08 17:19:32 IST] -- DaemonThread:filetogtpinterfacedaemon -- ERROR -- com.misys.portal.core.daemon.impl.FileToGTPInterfaceDaemon - File to GTP interface daemon: Unable to access directory D:/gtpdeamon/error
[Wed Nov 08 17:19:52 IST] -- DaemonThread:filetogtpinterfacedaemon -- ERROR -- com.misys.portal.core.daemon.impl.FileToGTPInterfaceDaemon - File to GTP interface daemon: Unable to access directory D:/gtpdeamon/completed
[Wed Nov 08 17:19:52 IST] -- DaemonThread:filetogtpinterfacedaemon -- ERROR -- com.misys.portal.core.daemon.impl.FileToGTPInterfaceDaemon - File to GTP interface daemon: Unable to access directory D:/gtpdeamon/error
[Wed Nov 08 17:20:12 IST] -- DaemonThread:filetogtpinterfacedaemon -- ERROR -- com.misys.portal.core.daemon.impl.FileToGTPInterfaceDaemon - File to GTP interface daemon: Unable to access directory D:/gtpdeamon/completed
[Wed Nov 08 17:20:12 IST] -- DaemonThread:filetogtpinterfacedaemon -- ERROR -- com.misys.portal.core.daemon.impl.FileToGTPInterfaceDaemon - File to GTP interface daemon: Unable to access directory D:/gtpdeamon/error
[Wed Nov 08 17:20:32 IST] -- DaemonThread:filetogtpinterfacedaemon -- ERROR -- com.misys.portal.core.daemon.impl.FileToGTPInterfaceDaemon - File to GTP interface daemon: Unable to access directory D:/gtpdeamon/completed
[Wed Nov 08 17:20:32 IST] -- DaemonThread:filetogtpinterfacedaemon -- ERROR -- com.misys.portal.core.daemon.impl.FileToGTPInterfaceDaemon - File to GTP interface daemon: Unable to access directory D:/gtpdeamon/error
[Wed Nov 08 17:20:52 IST] -- DaemonThread:filetogtpinterfacedaemon -- ERROR -- com.misys.portal.core.daemon.impl.FileToGTPInterfaceDaemon - File to GTP interface daemon: Unable to access directory D:/gtpdeamon/completed
[Wed Nov 08 17:20:52 IST] -- DaemonThread:filetogtpinterfacedaemon -- ERROR -- com.misys.portal.core.daemon.impl.FileToGTPInterfaceDaemon - File to GTP interface daemon: Unable to access directory D:/gtpdeamon/error
[Wed Nov 08 17:21:12 IST] -- DaemonThread:filetogtpinterfacedaemon -- ERROR -- com.misys.portal.core.daemon.impl.FileToGTPInterfaceDaemon - File to GTP interface daemon: Unable to access directory D:/gtpdeamon/completed
[Wed Nov 08 17:21:12 IST] -- DaemonThread:filetogtpinterfacedaemon -- ERROR -- com.misys.portal.core.daemon.impl.FileToGTPInterfaceDaemon - File to GTP interface daemon: Unable to access directory D:/gtpdeamon/error
[Wed Nov 08 17:21:32 IST] -- DaemonThread:filetogtpinterfacedaemon -- ERROR -- com.misys.portal.core.daemon.impl.FileToGTPInterfaceDaemon - File to GTP interface daemon: Unable to access directory D:/gtpdeamon/completed
[Wed Nov 08 17:21:32 IST] -- DaemonThread:filetogtpinterfacedaemon -- ERROR -- com.misys.portal.core.daemon.impl.FileToGTPInterfaceDaemon - File to GTP interface daemon: Unable to access directory D:/gtpdeamon/error
[Wed Nov 08 17:21:52 IST] -- DaemonThread:filetogtpinterfacedaemon -- ERROR -- com.misys.portal.core.daemon.impl.FileToGTPInterfaceDaemon - File to GTP interface daemon: Unable to access directory D:/gtpdeamon/completed
[Wed Nov 08 17:21:52 IST] -- DaemonThread:filetogtpinterfacedaemon -- ERROR -- com.misys.portal.core.daemon.impl.FileToGTPInterfaceDaemon - File to GTP interface daemon: Unable to access directory D:/gtpdeamon/error
[Wed Nov 08 17:22:12 IST] -- DaemonThread:filetogtpinterfacedaemon -- ERROR -- com.misys.portal.core.daemon.impl.FileToGTPInterfaceDaemon - File to GTP interface daemon: Unable to access directory D:/gtpdeamon/completed
[Wed Nov 08 17:22:12 IST] -- DaemonThread:filetogtpinterfacedaemon -- ERROR -- com.misys.portal.core.daemon.impl.FileToGTPInterfaceDaemon - File to GTP interface daemon: Unable to access directory D:/gtpdeamon/error
[Wed Nov 08 17:22:32 IST] -- DaemonThread:filetogtpinterfacedaemon -- ERROR -- com.misys.portal.core.daemon.impl.FileToGTPInterfaceDaemon - File to GTP interface daemon: Unable to access directory D:/gtpdeamon/completed
[Wed Nov 08 17:22:32 IST] -- DaemonThread:filetogtpinterfacedaemon -- ERROR -- com.misys.portal.core.daemon.impl.FileToGTPInterfaceDaemon - File to GTP interface daemon: Unable to access directory D:/gtpdeamon/error
[Wed Nov 08 17:22:52 IST] -- DaemonThread:filetogtpinterfacedaemon -- ERROR -- com.misys.portal.core.daemon.impl.FileToGTPInterfaceDaemon - File to GTP interface daemon: Unable to access directory D:/gtpdeamon/completed
[Wed Nov 08 17:22:52 IST] -- DaemonThread:filetogtpinterfacedaemon -- ERROR -- com.misys.portal.core.daemon.impl.FileToGTPInterfaceDaemon - File to GTP interface daemon: Unable to access directory D:/gtpdeamon/error
[Wed Nov 08 17:23:12 IST] -- DaemonThread:filetogtpinterfacedaemon -- ERROR -- com.misys.portal.core.daemon.impl.FileToGTPInterfaceDaemon - File to GTP interface daemon: Unable to access directory D:/gtpdeamon/completed
[Wed Nov 08 17:23:12 IST] -- DaemonThread:filetogtpinterfacedaemon -- ERROR -- com.misys.portal.core.daemon.impl.FileToGTPInterfaceDaemon - File to GTP interface daemon: Unable to access directory D:/gtpdeamon/error
[Wed Nov 08 17:23:32 IST] -- DaemonThread:filetogtpinterfacedaemon -- ERROR -- com.misys.portal.core.daemon.impl.FileToGTPInterfaceDaemon - File to GTP interface daemon: Unable to access directory D:/gtpdeamon/completed
[Wed Nov 08 17:23:32 IST] -- DaemonThread:filetogtpinterfacedaemon -- ERROR -- com.misys.portal.core.daemon.impl.FileToGTPInterfaceDaemon - File to GTP interface daemon: Unable to access directory D:/gtpdeamon/error
[Wed Nov 08 17:23:52 IST] -- DaemonThread:filetogtpinterfacedaemon -- ERROR -- com.misys.portal.core.daemon.impl.FileToGTPInterfaceDaemon - File to GTP interface daemon: Unable to access directory D:/gtpdeamon/completed
[Wed Nov 08 17:23:52 IST] -- DaemonThread:filetogtpinterfacedaemon -- ERROR -- com.misys.portal.core.daemon.impl.FileToGTPInterfaceDaemon - File to GTP interface daemon: Unable to access directory D:/gtpdeamon/error
[Wed Nov 08 17:24:12 IST] -- DaemonThread:filetogtpinterfacedaemon -- ERROR -- com.misys.portal.core.daemon.impl.FileToGTPInterfaceDaemon - File to GTP interface daemon: Unable to access directory D:/gtpdeamon/completed
[Wed Nov 08 17:24:12 IST] -- DaemonThread:filetogtpinterfacedaemon -- ERROR -- com.misys.portal.core.daemon.impl.FileToGTPInterfaceDaemon - File to GTP interface daemon: Unable to access directory D:/gtpdeamon/error
[Wed Nov 08 17:24:32 IST] -- DaemonThread:filetogtpinterfacedaemon -- ERROR -- com.misys.portal.core.daemon.impl.FileToGTPInterfaceDaemon - File to GTP interface daemon: Unable to access directory D:/gtpdeamon/completed
[Wed Nov 08 17:24:32 IST] -- DaemonThread:filetogtpinterfacedaemon -- ERROR -- com.misys.portal.core.daemon.impl.FileToGTPInterfaceDaemon - File to GTP interface daemon: Unable to access directory D:/gtpdeamon/error
[Wed Nov 08 17:24:52 IST] -- DaemonThread:filetogtpinterfacedaemon -- ERROR -- com.misys.portal.core.daemon.impl.FileToGTPInterfaceDaemon - File to GTP interface daemon: Unable to access directory D:/gtpdeamon/completed
[Wed Nov 08 17:24:52 IST] -- DaemonThread:filetogtpinterfacedaemon -- ERROR -- com.misys.portal.core.daemon.impl.FileToGTPInterfaceDaemon - File to GTP interface daemon: Unable to access directory D:/gtpdeamon/error
[Wed Nov 08 17:25:12 IST] -- DaemonThread:filetogtpinterfacedaemon -- ERROR -- com.misys.portal.core.daemon.impl.FileToGTPInterfaceDaemon - File to GTP interface daemon: Unable to access directory D:/gtpdeamon/completed
[Wed Nov 08 17:25:12 IST] -- DaemonThread:filetogtpinterfacedaemon -- ERROR -- com.misys.portal.core.daemon.impl.FileToGTPInterfaceDaemon - File to GTP interface daemon: Unable to access directory D:/gtpdeamon/error
[Wed Nov 08 17:25:32 IST] -- DaemonThread:filetogtpinterfacedaemon -- ERROR -- com.misys.portal.core.daemon.impl.FileToGTPInterfaceDaemon - File to GTP interface daemon: Unable to access directory D:/gtpdeamon/completed
[Wed Nov 08 17:25:32 IST] -- DaemonThread:filetogtpinterfacedaemon -- ERROR -- com.misys.portal.core.daemon.impl.FileToGTPInterfaceDaemon - File to GTP interface daemon: Unable to access directory D:/gtpdeamon/error
[Wed Nov 08 17:25:52 IST] -- DaemonThread:filetogtpinterfacedaemon -- ERROR -- com.misys.portal.core.daemon.impl.FileToGTPInterfaceDaemon - File to GTP interface daemon: Unable to access directory D:/gtpdeamon/completed
[Wed Nov 08 17:25:52 IST] -- DaemonThread:filetogtpinterfacedaemon -- ERROR -- com.misys.portal.core.daemon.impl.FileToGTPInterfaceDaemon - File to GTP interface daemon: Unable to access directory D:/gtpdeamon/error
[Wed Nov 08 17:26:12 IST] -- DaemonThread:filetogtpinterfacedaemon -- ERROR -- com.misys.portal.core.daemon.impl.FileToGTPInterfaceDaemon - File to GTP interface daemon: Unable to access directory D:/gtpdeamon/completed
[Wed Nov 08 17:26:12 IST] -- DaemonThread:filetogtpinterfacedaemon -- ERROR -- com.misys.portal.core.daemon.impl.FileToGTPInterfaceDaemon - File to GTP interface daemon: Unable to access directory D:/gtpdeamon/error
[Wed Nov 08 17:26:32 IST] -- DaemonThread:filetogtpinterfacedaemon -- ERROR -- com.misys.portal.core.daemon.impl.FileToGTPInterfaceDaemon - File to GTP interface daemon: Unable to access directory D:/gtpdeamon/completed
[Wed Nov 08 17:26:32 IST] -- DaemonThread:filetogtpinterfacedaemon -- ERROR -- com.misys.portal.core.daemon.impl.FileToGTPInterfaceDaemon - File to GTP interface daemon: Unable to access directory D:/gtpdeamon/error
[Wed Nov 08 17:26:52 IST] -- DaemonThread:filetogtpinterfacedaemon -- ERROR -- com.misys.portal.core.daemon.impl.FileToGTPInterfaceDaemon - File to GTP interface daemon: Unable to access directory D:/gtpdeamon/completed
[Wed Nov 08 17:26:52 IST] -- DaemonThread:filetogtpinterfacedaemon -- ERROR -- com.misys.portal.core.daemon.impl.FileToGTPInterfaceDaemon - File to GTP interface daemon: Unable to access directory D:/gtpdeamon/error
[Wed Nov 08 17:27:12 IST] -- DaemonThread:filetogtpinterfacedaemon -- ERROR -- com.misys.portal.core.daemon.impl.FileToGTPInterfaceDaemon - File to GTP interface daemon: Unable to access directory D:/gtpdeamon/completed
[Wed Nov 08 17:27:12 IST] -- DaemonThread:filetogtpinterfacedaemon -- ERROR -- com.misys.portal.core.daemon.impl.FileToGTPInterfaceDaemon - File to GTP interface daemon: Unable to access directory D:/gtpdeamon/error
[Wed Nov 08 17:27:32 IST] -- DaemonThread:filetogtpinterfacedaemon -- ERROR -- com.misys.portal.core.daemon.impl.FileToGTPInterfaceDaemon - File to GTP interface daemon: Unable to access directory D:/gtpdeamon/completed
[Wed Nov 08 17:27:32 IST] -- DaemonThread:filetogtpinterfacedaemon -- ERROR -- com.misys.portal.core.daemon.impl.FileToGTPInterfaceDaemon - File to GTP interface daemon: Unable to access directory D:/gtpdeamon/error
[Wed Nov 08 17:27:52 IST] -- DaemonThread:filetogtpinterfacedaemon -- ERROR -- com.misys.portal.core.daemon.impl.FileToGTPInterfaceDaemon - File to GTP interface daemon: Unable to access directory D:/gtpdeamon/completed
[Wed Nov 08 17:27:52 IST] -- DaemonThread:filetogtpinterfacedaemon -- ERROR -- com.misys.portal.core.daemon.impl.FileToGTPInterfaceDaemon - File to GTP interface daemon: Unable to access directory D:/gtpdeamon/error
[Wed Nov 08 17:28:12 IST] -- DaemonThread:filetogtpinterfacedaemon -- ERROR -- com.misys.portal.core.daemon.impl.FileToGTPInterfaceDaemon - File to GTP interface daemon: Unable to access directory D:/gtpdeamon/completed
[Wed Nov 08 17:28:12 IST] -- DaemonThread:filetogtpinterfacedaemon -- ERROR -- com.misys.portal.core.daemon.impl.FileToGTPInterfaceDaemon - File to GTP interface daemon: Unable to access directory D:/gtpdeamon/error
[Wed Nov 08 17:28:32 IST] -- DaemonThread:filetogtpinterfacedaemon -- ERROR -- com.misys.portal.core.daemon.impl.FileToGTPInterfaceDaemon - File to GTP interface daemon: Unable to access directory D:/gtpdeamon/completed
[Wed Nov 08 17:28:32 IST] -- DaemonThread:filetogtpinterfacedaemon -- ERROR -- com.misys.portal.core.daemon.impl.FileToGTPInterfaceDaemon - File to GTP interface daemon: Unable to access directory D:/gtpdeamon/error
[Wed Nov 08 17:28:52 IST] -- DaemonThread:filetogtpinterfacedaemon -- ERROR -- com.misys.portal.core.daemon.impl.FileToGTPInterfaceDaemon - File to GTP interface daemon: Unable to access directory D:/gtpdeamon/completed
[Wed Nov 08 17:28:52 IST] -- DaemonThread:filetogtpinterfacedaemon -- ERROR -- com.misys.portal.core.daemon.impl.FileToGTPInterfaceDaemon - File to GTP interface daemon: Unable to access directory D:/gtpdeamon/error
[Wed Nov 08 17:29:12 IST] -- DaemonThread:filetogtpinterfacedaemon -- ERROR -- com.misys.portal.core.daemon.impl.FileToGTPInterfaceDaemon - File to GTP interface daemon: Unable to access directory D:/gtpdeamon/completed
[Wed Nov 08 17:29:12 IST] -- DaemonThread:filetogtpinterfacedaemon -- ERROR -- com.misys.portal.core.daemon.impl.FileToGTPInterfaceDaemon - File to GTP interface daemon: Unable to access directory D:/gtpdeamon/error
[Wed Nov 08 17:29:32 IST] -- DaemonThread:filetogtpinterfacedaemon -- ERROR -- com.misys.portal.core.daemon.impl.FileToGTPInterfaceDaemon - File to GTP interface daemon: Unable to access directory D:/gtpdeamon/completed
[Wed Nov 08 17:29:32 IST] -- DaemonThread:filetogtpinterfacedaemon -- ERROR -- com.misys.portal.core.daemon.impl.FileToGTPInterfaceDaemon - File to GTP interface daemon: Unable to access directory D:/gtpdeamon/error
[Wed Nov 08 17:29:52 IST] -- DaemonThread:filetogtpinterfacedaemon -- ERROR -- com.misys.portal.core.daemon.impl.FileToGTPInterfaceDaemon - File to GTP interface daemon: Unable to access directory D:/gtpdeamon/completed
[Wed Nov 08 17:29:52 IST] -- DaemonThread:filetogtpinterfacedaemon -- ERROR -- com.misys.portal.core.daemon.impl.FileToGTPInterfaceDaemon - File to GTP interface daemon: Unable to access directory D:/gtpdeamon/error
[Wed Nov 08 17:30:12 IST] -- DaemonThread:filetogtpinterfacedaemon -- ERROR -- com.misys.portal.core.daemon.impl.FileToGTPInterfaceDaemon - File to GTP interface daemon: Unable to access directory D:/gtpdeamon/completed
[Wed Nov 08 17:30:12 IST] -- DaemonThread:filetogtpinterfacedaemon -- ERROR -- com.misys.portal.core.daemon.impl.FileToGTPInterfaceDaemon - File to GTP interface daemon: Unable to access directory D:/gtpdeamon/error
[Wed Nov 08 17:30:32 IST] -- DaemonThread:filetogtpinterfacedaemon -- ERROR -- com.misys.portal.core.daemon.impl.FileToGTPInterfaceDaemon - File to GTP interface daemon: Unable to access directory D:/gtpdeamon/completed
[Wed Nov 08 17:30:32 IST] -- DaemonThread:filetogtpinterfacedaemon -- ERROR -- com.misys.portal.core.daemon.impl.FileToGTPInterfaceDaemon - File to GTP interface daemon: Unable to access directory D:/gtpdeamon/error
[Wed Nov 08 17:30:52 IST] -- DaemonThread:filetogtpinterfacedaemon -- ERROR -- com.misys.portal.core.daemon.impl.FileToGTPInterfaceDaemon - File to GTP interface daemon: Unable to access directory D:/gtpdeamon/completed
[Wed Nov 08 17:30:52 IST] -- DaemonThread:filetogtpinterfacedaemon -- ERROR -- com.misys.portal.core.daemon.impl.FileToGTPInterfaceDaemon - File to GTP interface daemon: Unable to access directory D:/gtpdeamon/error
[Wed Nov 08 17:31:12 IST] -- DaemonThread:filetogtpinterfacedaemon -- ERROR -- com.misys.portal.core.daemon.impl.FileToGTPInterfaceDaemon - File to GTP interface daemon: Unable to access directory D:/gtpdeamon/completed
[Wed Nov 08 17:31:12 IST] -- DaemonThread:filetogtpinterfacedaemon -- ERROR -- com.misys.portal.core.daemon.impl.FileToGTPInterfaceDaemon - File to GTP interface daemon: Unable to access directory D:/gtpdeamon/error
[Wed Nov 08 17:31:32 IST] -- DaemonThread:filetogtpinterfacedaemon -- ERROR -- com.misys.portal.core.daemon.impl.FileToGTPInterfaceDaemon - File to GTP interface daemon: Unable to access directory D:/gtpdeamon/completed
[Wed Nov 08 17:31:32 IST] -- DaemonThread:filetogtpinterfacedaemon -- ERROR -- com.misys.portal.core.daemon.impl.FileToGTPInterfaceDaemon - File to GTP interface daemon: Unable to access directory D:/gtpdeamon/error
[Wed Nov 08 17:31:52 IST] -- DaemonThread:filetogtpinterfacedaemon -- ERROR -- com.misys.portal.core.daemon.impl.FileToGTPInterfaceDaemon - File to GTP interface daemon: Unable to access directory D:/gtpdeamon/completed
[Wed Nov 08 17:31:52 IST] -- DaemonThread:filetogtpinterfacedaemon -- ERROR -- com.misys.portal.core.daemon.impl.FileToGTPInterfaceDaemon - File to GTP interface daemon: Unable to access directory D:/gtpdeamon/error
[Wed Nov 08 17:32:12 IST] -- DaemonThread:filetogtpinterfacedaemon -- ERROR -- com.misys.portal.core.daemon.impl.FileToGTPInterfaceDaemon - File to GTP interface daemon: Unable to access directory D:/gtpdeamon/completed
[Wed Nov 08 17:32:12 IST] -- DaemonThread:filetogtpinterfacedaemon -- ERROR -- com.misys.portal.core.daemon.impl.FileToGTPInterfaceDaemon - File to GTP interface daemon: Unable to access directory D:/gtpdeamon/error
[Wed Nov 08 17:32:32 IST] -- DaemonThread:filetogtpinterfacedaemon -- ERROR -- com.misys.portal.core.daemon.impl.FileToGTPInterfaceDaemon - File to GTP interface daemon: Unable to access directory D:/gtpdeamon/completed
[Wed Nov 08 17:32:32 IST] -- DaemonThread:filetogtpinterfacedaemon -- ERROR -- com.misys.portal.core.daemon.impl.FileToGTPInterfaceDaemon - File to GTP interface daemon: Unable to access directory D:/gtpdeamon/error
[Wed Nov 08 17:32:52 IST] -- DaemonThread:filetogtpinterfacedaemon -- ERROR -- com.misys.portal.core.daemon.impl.FileToGTPInterfaceDaemon - File to GTP interface daemon: Unable to access directory D:/gtpdeamon/completed
[Wed Nov 08 17:32:52 IST] -- DaemonThread:filetogtpinterfacedaemon -- ERROR -- com.misys.portal.core.daemon.impl.FileToGTPInterfaceDaemon - File to GTP interface daemon: Unable to access directory D:/gtpdeamon/error
[Wed Nov 08 17:33:12 IST] -- DaemonThread:filetogtpinterfacedaemon -- ERROR -- com.misys.portal.core.daemon.impl.FileToGTPInterfaceDaemon - File to GTP interface daemon: Unable to access directory D:/gtpdeamon/completed
[Wed Nov 08 17:33:12 IST] -- DaemonThread:filetogtpinterfacedaemon -- ERROR -- com.misys.portal.core.daemon.impl.FileToGTPInterfaceDaemon - File to GTP interface daemon: Unable to access directory D:/gtpdeamon/error
[Wed Nov 08 17:33:32 IST] -- DaemonThread:filetogtpinterfacedaemon -- ERROR -- com.misys.portal.core.daemon.impl.FileToGTPInterfaceDaemon - File to GTP interface daemon: Unable to access directory D:/gtpdeamon/completed
[Wed Nov 08 17:33:32 IST] -- DaemonThread:filetogtpinterfacedaemon -- ERROR -- com.misys.portal.core.daemon.impl.FileToGTPInterfaceDaemon - File to GTP interface daemon: Unable to access directory D:/gtpdeamon/error
[Wed Nov 08 17:33:52 IST] -- DaemonThread:filetogtpinterfacedaemon -- ERROR -- com.misys.portal.core.daemon.impl.FileToGTPInterfaceDaemon - File to GTP interface daemon: Unable to access directory D:/gtpdeamon/completed
[Wed Nov 08 17:33:52 IST] -- DaemonThread:filetogtpinterfacedaemon -- ERROR -- com.misys.portal.core.daemon.impl.FileToGTPInterfaceDaemon - File to GTP interface daemon: Unable to access directory D:/gtpdeamon/error
[Wed Nov 08 17:34:12 IST] -- DaemonThread:filetogtpinterfacedaemon -- ERROR -- com.misys.portal.core.daemon.impl.FileToGTPInterfaceDaemon - File to GTP interface daemon: Unable to access directory D:/gtpdeamon/completed
[Wed Nov 08 17:34:12 IST] -- DaemonThread:filetogtpinterfacedaemon -- ERROR -- com.misys.portal.core.daemon.impl.FileToGTPInterfaceDaemon - File to GTP interface daemon: Unable to access directory D:/gtpdeamon/error
[Wed Nov 08 17:34:32 IST] -- DaemonThread:filetogtpinterfacedaemon -- ERROR -- com.misys.portal.core.daemon.impl.FileToGTPInterfaceDaemon - File to GTP interface daemon: Unable to access directory D:/gtpdeamon/completed
[Wed Nov 08 17:34:32 IST] -- DaemonThread:filetogtpinterfacedaemon -- ERROR -- com.misys.portal.core.daemon.impl.FileToGTPInterfaceDaemon - File to GTP interface daemon: Unable to access directory D:/gtpdeamon/error
[Wed Nov 08 17:34:52 IST] -- DaemonThread:filetogtpinterfacedaemon -- ERROR -- com.misys.portal.core.daemon.impl.FileToGTPInterfaceDaemon - File to GTP interface daemon: Unable to access directory D:/gtpdeamon/completed
[Wed Nov 08 17:34:52 IST] -- DaemonThread:filetogtpinterfacedaemon -- ERROR -- com.misys.portal.core.daemon.impl.FileToGTPInterfaceDaemon - File to GTP interface daemon: Unable to access directory D:/gtpdeamon/error
[Wed Nov 08 17:35:12 IST] -- DaemonThread:filetogtpinterfacedaemon -- ERROR -- com.misys.portal.core.daemon.impl.FileToGTPInterfaceDaemon - File to GTP interface daemon: Unable to access directory D:/gtpdeamon/completed
[Wed Nov 08 17:35:12 IST] -- DaemonThread:filetogtpinterfacedaemon -- ERROR -- com.misys.portal.core.daemon.impl.FileToGTPInterfaceDaemon - File to GTP interface daemon: Unable to access directory D:/gtpdeamon/error
[Wed Nov 08 17:35:32 IST] -- DaemonThread:filetogtpinterfacedaemon -- ERROR -- com.misys.portal.core.daemon.impl.FileToGTPInterfaceDaemon - File to GTP interface daemon: Unable to access directory D:/gtpdeamon/completed
[Wed Nov 08 17:35:32 IST] -- DaemonThread:filetogtpinterfacedaemon -- ERROR -- com.misys.portal.core.daemon.impl.FileToGTPInterfaceDaemon - File to GTP interface daemon: Unable to access directory D:/gtpdeamon/error
[Wed Nov 08 17:35:52 IST] -- DaemonThread:filetogtpinterfacedaemon -- ERROR -- com.misys.portal.core.daemon.impl.FileToGTPInterfaceDaemon - File to GTP interface daemon: Unable to access directory D:/gtpdeamon/completed
[Wed Nov 08 17:35:52 IST] -- DaemonThread:filetogtpinterfacedaemon -- ERROR -- com.misys.portal.core.daemon.impl.FileToGTPInterfaceDaemon - File to GTP interface daemon: Unable to access directory D:/gtpdeamon/error
[Wed Nov 08 17:36:12 IST] -- DaemonThread:filetogtpinterfacedaemon -- ERROR -- com.misys.portal.core.daemon.impl.FileToGTPInterfaceDaemon - File to GTP interface daemon: Unable to access directory D:/gtpdeamon/completed
[Wed Nov 08 17:36:12 IST] -- DaemonThread:filetogtpinterfacedaemon -- ERROR -- com.misys.portal.core.daemon.impl.FileToGTPInterfaceDaemon - File to GTP interface daemon: Unable to access directory D:/gtpdeamon/error
[Wed Nov 08 17:36:32 IST] -- DaemonThread:filetogtpinterfacedaemon -- ERROR -- com.misys.portal.core.daemon.impl.FileToGTPInterfaceDaemon - File to GTP interface daemon: Unable to access directory D:/gtpdeamon/completed
[Wed Nov 08 17:36:32 IST] -- DaemonThread:filetogtpinterfacedaemon -- ERROR -- com.misys.portal.core.daemon.impl.FileToGTPInterfaceDaemon - File to GTP interface daemon: Unable to access directory D:/gtpdeamon/error
[Wed Nov 08 17:36:52 IST] -- DaemonThread:filetogtpinterfacedaemon -- ERROR -- com.misys.portal.core.daemon.impl.FileToGTPInterfaceDaemon - File to GTP interface daemon: Unable to access directory D:/gtpdeamon/completed
[Wed Nov 08 17:36:52 IST] -- DaemonThread:filetogtpinterfacedaemon -- ERROR -- com.misys.portal.core.daemon.impl.FileToGTPInterfaceDaemon - File to GTP interface daemon: Unable to access directory D:/gtpdeamon/error
[Wed Nov 08 17:37:12 IST] -- DaemonThread:filetogtpinterfacedaemon -- ERROR -- com.misys.portal.core.daemon.impl.FileToGTPInterfaceDaemon - File to GTP interface daemon: Unable to access directory D:/gtpdeamon/completed
[Wed Nov 08 17:37:12 IST] -- DaemonThread:filetogtpinterfacedaemon -- ERROR -- com.misys.portal.core.daemon.impl.FileToGTPInterfaceDaemon - File to GTP interface daemon: Unable to access directory D:/gtpdeamon/error
[Wed Nov 08 17:37:32 IST] -- DaemonThread:filetogtpinterfacedaemon -- ERROR -- com.misys.portal.core.daemon.impl.FileToGTPInterfaceDaemon - File to GTP interface daemon: Unable to access directory D:/gtpdeamon/completed
[Wed Nov 08 17:37:32 IST] -- DaemonThread:filetogtpinterfacedaemon -- ERROR -- com.misys.portal.core.daemon.impl.FileToGTPInterfaceDaemon - File to GTP interface daemon: Unable to access directory D:/gtpdeamon/error
[Wed Nov 08 17:37:52 IST] -- DaemonThread:filetogtpinterfacedaemon -- ERROR -- com.misys.portal.core.daemon.impl.FileToGTPInterfaceDaemon - File to GTP interface daemon: Unable to access directory D:/gtpdeamon/completed
[Wed Nov 08 17:37:52 IST] -- DaemonThread:filetogtpinterfacedaemon -- ERROR -- com.misys.portal.core.daemon.impl.FileToGTPInterfaceDaemon - File to GTP interface daemon: Unable to access directory D:/gtpdeamon/error
[Wed Nov 08 17:38:12 IST] -- DaemonThread:filetogtpinterfacedaemon -- ERROR -- com.misys.portal.core.daemon.impl.FileToGTPInterfaceDaemon - File to GTP interface daemon: Unable to access directory D:/gtpdeamon/completed
[Wed Nov 08 17:38:12 IST] -- DaemonThread:filetogtpinterfacedaemon -- ERROR -- com.misys.portal.core.daemon.impl.FileToGTPInterfaceDaemon - File to GTP interface daemon: Unable to access directory D:/gtpdeamon/error
[Wed Nov 08 17:38:32 IST] -- DaemonThread:filetogtpinterfacedaemon -- ERROR -- com.misys.portal.core.daemon.impl.FileToGTPInterfaceDaemon - File to GTP interface daemon: Unable to access directory D:/gtpdeamon/completed
[Wed Nov 08 17:38:32 IST] -- DaemonThread:filetogtpinterfacedaemon -- ERROR -- com.misys.portal.core.daemon.impl.FileToGTPInterfaceDaemon - File to GTP interface daemon: Unable to access directory D:/gtpdeamon/error
[Wed Nov 08 17:38:52 IST] -- DaemonThread:filetogtpinterfacedaemon -- ERROR -- com.misys.portal.core.daemon.impl.FileToGTPInterfaceDaemon - File to GTP interface daemon: Unable to access directory D:/gtpdeamon/completed
[Wed Nov 08 17:38:52 IST] -- DaemonThread:filetogtpinterfacedaemon -- ERROR -- com.misys.portal.core.daemon.impl.FileToGTPInterfaceDaemon - File to GTP interface daemon: Unable to access directory D:/gtpdeamon/error
[Wed Nov 08 17:39:12 IST] -- DaemonThread:filetogtpinterfacedaemon -- ERROR -- com.misys.portal.core.daemon.impl.FileToGTPInterfaceDaemon - File to GTP interface daemon: Unable to access directory D:/gtpdeamon/completed
[Wed Nov 08 17:39:12 IST] -- DaemonThread:filetogtpinterfacedaemon -- ERROR -- com.misys.portal.core.daemon.impl.FileToGTPInterfaceDaemon - File to GTP interface daemon: Unable to access directory D:/gtpdeamon/error
[Wed Nov 08 17:39:32 IST] -- DaemonThread:filetogtpinterfacedaemon -- ERROR -- com.misys.portal.core.daemon.impl.FileToGTPInterfaceDaemon - File to GTP interface daemon: Unable to access directory D:/gtpdeamon/completed
[Wed Nov 08 17:39:32 IST] -- DaemonThread:filetogtpinterfacedaemon -- ERROR -- com.misys.portal.core.daemon.impl.FileToGTPInterfaceDaemon - File to GTP interface daemon: Unable to access directory D:/gtpdeamon/error
[Wed Nov 08 17:39:52 IST] -- DaemonThread:filetogtpinterfacedaemon -- ERROR -- com.misys.portal.core.daemon.impl.FileToGTPInterfaceDaemon - File to GTP interface daemon: Unable to access directory D:/gtpdeamon/completed
[Wed Nov 08 17:39:52 IST] -- DaemonThread:filetogtpinterfacedaemon -- ERROR -- com.misys.portal.core.daemon.impl.FileToGTPInterfaceDaemon - File to GTP interface daemon: Unable to access directory D:/gtpdeamon/error
[Wed Nov 08 17:40:12 IST] -- DaemonThread:filetogtpinterfacedaemon -- ERROR -- com.misys.portal.core.daemon.impl.FileToGTPInterfaceDaemon - File to GTP interface daemon: Unable to access directory D:/gtpdeamon/completed
[Wed Nov 08 17:40:12 IST] -- DaemonThread:filetogtpinterfacedaemon -- ERROR -- com.misys.portal.core.daemon.impl.FileToGTPInterfaceDaemon - File to GTP interface daemon: Unable to access directory D:/gtpdeamon/error
[Wed Nov 08 17:40:32 IST] -- DaemonThread:filetogtpinterfacedaemon -- ERROR -- com.misys.portal.core.daemon.impl.FileToGTPInterfaceDaemon - File to GTP interface daemon: Unable to access directory D:/gtpdeamon/completed
[Wed Nov 08 17:40:32 IST] -- DaemonThread:filetogtpinterfacedaemon -- ERROR -- com.misys.portal.core.daemon.impl.FileToGTPInterfaceDaemon - File to GTP interface daemon: Unable to access directory D:/gtpdeamon/error
[Wed Nov 08 17:40:52 IST] -- DaemonThread:filetogtpinterfacedaemon -- ERROR -- com.misys.portal.core.daemon.impl.FileToGTPInterfaceDaemon - File to GTP interface daemon: Unable to access directory D:/gtpdeamon/completed
[Wed Nov 08 17:40:52 IST] -- DaemonThread:filetogtpinterfacedaemon -- ERROR -- com.misys.portal.core.daemon.impl.FileToGTPInterfaceDaemon - File to GTP interface daemon: Unable to access directory D:/gtpdeamon/error
[Wed Nov 08 17:41:12 IST] -- DaemonThread:filetogtpinterfacedaemon -- ERROR -- com.misys.portal.core.daemon.impl.FileToGTPInterfaceDaemon - File to GTP interface daemon: Unable to access directory D:/gtpdeamon/completed
[Wed Nov 08 17:41:12 IST] -- DaemonThread:filetogtpinterfacedaemon -- ERROR -- com.misys.portal.core.daemon.impl.FileToGTPInterfaceDaemon - File to GTP interface daemon: Unable to access directory D:/gtpdeamon/error
[Wed Nov 08 17:41:32 IST] -- DaemonThread:filetogtpinterfacedaemon -- ERROR -- com.misys.portal.core.daemon.impl.FileToGTPInterfaceDaemon - File to GTP interface daemon: Unable to access directory D:/gtpdeamon/completed
[Wed Nov 08 17:41:32 IST] -- DaemonThread:filetogtpinterfacedaemon -- ERROR -- com.misys.portal.core.daemon.impl.FileToGTPInterfaceDaemon - File to GTP interface daemon: Unable to access directory D:/gtpdeamon/error
[Wed Nov 08 17:41:52 IST] -- DaemonThread:filetogtpinterfacedaemon -- ERROR -- com.misys.portal.core.daemon.impl.FileToGTPInterfaceDaemon - File to GTP interface daemon: Unable to access directory D:/gtpdeamon/completed
[Wed Nov 08 17:41:52 IST] -- DaemonThread:filetogtpinterfacedaemon -- ERROR -- com.misys.portal.core.daemon.impl.FileToGTPInterfaceDaemon - File to GTP interface daemon: Unable to access directory D:/gtpdeamon/error
[Wed Nov 08 17:42:12 IST] -- DaemonThread:filetogtpinterfacedaemon -- ERROR -- com.misys.portal.core.daemon.impl.FileToGTPInterfaceDaemon - File to GTP interface daemon: Unable to access directory D:/gtpdeamon/completed
[Wed Nov 08 17:42:12 IST] -- DaemonThread:filetogtpinterfacedaemon -- ERROR -- com.misys.portal.core.daemon.impl.FileToGTPInterfaceDaemon - File to GTP interface daemon: Unable to access directory D:/gtpdeamon/error
[Wed Nov 08 17:42:32 IST] -- DaemonThread:filetogtpinterfacedaemon -- ERROR -- com.misys.portal.core.daemon.impl.FileToGTPInterfaceDaemon - File to GTP interface daemon: Unable to access directory D:/gtpdeamon/completed
[Wed Nov 08 17:42:32 IST] -- DaemonThread:filetogtpinterfacedaemon -- ERROR -- com.misys.portal.core.daemon.impl.FileToGTPInterfaceDaemon - File to GTP interface daemon: Unable to access directory D:/gtpdeamon/error
[Wed Nov 08 17:42:52 IST] -- DaemonThread:filetogtpinterfacedaemon -- ERROR -- com.misys.portal.core.daemon.impl.FileToGTPInterfaceDaemon - File to GTP interface daemon: Unable to access directory D:/gtpdeamon/completed
[Wed Nov 08 17:42:52 IST] -- DaemonThread:filetogtpinterfacedaemon -- ERROR -- com.misys.portal.core.daemon.impl.FileToGTPInterfaceDaemon - File to GTP interface daemon: Unable to access directory D:/gtpdeamon/error
[Wed Nov 08 17:43:12 IST] -- DaemonThread:filetogtpinterfacedaemon -- ERROR -- com.misys.portal.core.daemon.impl.FileToGTPInterfaceDaemon - File to GTP interface daemon: Unable to access directory D:/gtpdeamon/completed
[Wed Nov 08 17:43:12 IST] -- DaemonThread:filetogtpinterfacedaemon -- ERROR -- com.misys.portal.core.daemon.impl.FileToGTPInterfaceDaemon - File to GTP interface daemon: Unable to access directory D:/gtpdeamon/error
[Wed Nov 08 17:43:32 IST] -- DaemonThread:filetogtpinterfacedaemon -- ERROR -- com.misys.portal.core.daemon.impl.FileToGTPInterfaceDaemon - File to GTP interface daemon: Unable to access directory D:/gtpdeamon/completed
[Wed Nov 08 17:43:32 IST] -- DaemonThread:filetogtpinterfacedaemon -- ERROR -- com.misys.portal.core.daemon.impl.FileToGTPInterfaceDaemon - File to GTP interface daemon: Unable to access directory D:/gtpdeamon/error
[Wed Nov 08 17:43:52 IST] -- DaemonThread:filetogtpinterfacedaemon -- ERROR -- com.misys.portal.core.daemon.impl.FileToGTPInterfaceDaemon - File to GTP interface daemon: Unable to access directory D:/gtpdeamon/completed
[Wed Nov 08 17:43:52 IST] -- DaemonThread:filetogtpinterfacedaemon -- ERROR -- com.misys.portal.core.daemon.impl.FileToGTPInterfaceDaemon - File to GTP interface daemon: Unable to access directory D:/gtpdeamon/error
[Wed Nov 08 17:44:12 IST] -- DaemonThread:filetogtpinterfacedaemon -- ERROR -- com.misys.portal.core.daemon.impl.FileToGTPInterfaceDaemon - File to GTP interface daemon: Unable to access directory D:/gtpdeamon/completed
[Wed Nov 08 17:44:12 IST] -- DaemonThread:filetogtpinterfacedaemon -- ERROR -- com.misys.portal.core.daemon.impl.FileToGTPInterfaceDaemon - File to GTP interface daemon: Unable to access directory D:/gtpdeamon/error
[Wed Nov 08 17:44:32 IST] -- DaemonThread:filetogtpinterfacedaemon -- ERROR -- com.misys.portal.core.daemon.impl.FileToGTPInterfaceDaemon - File to GTP interface daemon: Unable to access directory D:/gtpdeamon/completed
[Wed Nov 08 17:44:32 IST] -- DaemonThread:filetogtpinterfacedaemon -- ERROR -- com.misys.portal.core.daemon.impl.FileToGTPInterfaceDaemon - File to GTP interface daemon: Unable to access directory D:/gtpdeamon/error
[Wed Nov 08 17:44:52 IST] -- DaemonThread:filetogtpinterfacedaemon -- ERROR -- com.misys.portal.core.daemon.impl.FileToGTPInterfaceDaemon - File to GTP interface daemon: Unable to access directory D:/gtpdeamon/completed
[Wed Nov 08 17:44:52 IST] -- DaemonThread:filetogtpinterfacedaemon -- ERROR -- com.misys.portal.core.daemon.impl.FileToGTPInterfaceDaemon - File to GTP interface daemon: Unable to access directory D:/gtpdeamon/error
[Wed Nov 08 17:45:12 IST] -- DaemonThread:filetogtpinterfacedaemon -- ERROR -- com.misys.portal.core.daemon.impl.FileToGTPInterfaceDaemon - File to GTP interface daemon: Unable to access directory D:/gtpdeamon/completed
[Wed Nov 08 17:45:12 IST] -- DaemonThread:filetogtpinterfacedaemon -- ERROR -- com.misys.portal.core.daemon.impl.FileToGTPInterfaceDaemon - File to GTP interface daemon: Unable to access directory D:/gtpdeamon/error
[Wed Nov 08 17:45:15 IST] -- http-nio-8086-exec-1 -- INFO  -- com.misys.portal.common.tracer.Audit - In saveLog method
[Wed Nov 08 17:45:15 IST] -- http-nio-8086-exec-1 -- INFO  -- com.misys.portal.common.tracer.Audit - In saveLog method
[Wed Nov 08 17:45:15 IST] -- http-nio-8086-exec-1 -- INFO  -- com.finastra.openapi.common.OpenAPIUtil - Action Code of the user-->GTPExtendedLogoutUser
[Wed Nov 08 17:45:17 IST] -- http-nio-8086-exec-8 -- INFO  -- com.misys.portal.services.session.UniqueSessionListener - sessionCreated
[Wed Nov 08 17:45:17 IST] -- http-nio-8086-exec-8 -- INFO  -- com.misys.portal.webservices.apis.interceptors.RateLimitingHelper - Adding rate limiting bucket for public endpoint /fbcclogout/
[Wed Nov 08 17:45:32 IST] -- DaemonThread:filetogtpinterfacedaemon -- ERROR -- com.misys.portal.core.daemon.impl.FileToGTPInterfaceDaemon - File to GTP interface daemon: Unable to access directory D:/gtpdeamon/completed
[Wed Nov 08 17:45:32 IST] -- DaemonThread:filetogtpinterfacedaemon -- ERROR -- com.misys.portal.core.daemon.impl.FileToGTPInterfaceDaemon - File to GTP interface daemon: Unable to access directory D:/gtpdeamon/error
[Wed Nov 08 17:45:41 IST] -- http-nio-8086-exec-2 -- INFO  -- com.misys.portal.webservices.apis.interceptors.RateLimitingHelper - Adding rate limiting bucket for public endpoint /generateKeys
[Wed Nov 08 17:45:52 IST] -- DaemonThread:filetogtpinterfacedaemon -- ERROR -- com.misys.portal.core.daemon.impl.FileToGTPInterfaceDaemon - File to GTP interface daemon: Unable to access directory D:/gtpdeamon/completed
[Wed Nov 08 17:45:52 IST] -- DaemonThread:filetogtpinterfacedaemon -- ERROR -- com.misys.portal.core.daemon.impl.FileToGTPInterfaceDaemon - File to GTP interface daemon: Unable to access directory D:/gtpdeamon/error
[Wed Nov 08 17:46:12 IST] -- DaemonThread:filetogtpinterfacedaemon -- ERROR -- com.misys.portal.core.daemon.impl.FileToGTPInterfaceDaemon - File to GTP interface daemon: Unable to access directory D:/gtpdeamon/completed
[Wed Nov 08 17:46:12 IST] -- DaemonThread:filetogtpinterfacedaemon -- ERROR -- com.misys.portal.core.daemon.impl.FileToGTPInterfaceDaemon - File to GTP interface daemon: Unable to access directory D:/gtpdeamon/error
[Wed Nov 08 17:46:32 IST] -- DaemonThread:filetogtpinterfacedaemon -- ERROR -- com.misys.portal.core.daemon.impl.FileToGTPInterfaceDaemon - File to GTP interface daemon: Unable to access directory D:/gtpdeamon/completed
[Wed Nov 08 17:46:32 IST] -- DaemonThread:filetogtpinterfacedaemon -- ERROR -- com.misys.portal.core.daemon.impl.FileToGTPInterfaceDaemon - File to GTP interface daemon: Unable to access directory D:/gtpdeamon/error
[Wed Nov 08 17:46:52 IST] -- DaemonThread:filetogtpinterfacedaemon -- ERROR -- com.misys.portal.core.daemon.impl.FileToGTPInterfaceDaemon - File to GTP interface daemon: Unable to access directory D:/gtpdeamon/completed
[Wed Nov 08 17:46:52 IST] -- DaemonThread:filetogtpinterfacedaemon -- ERROR -- com.misys.portal.core.daemon.impl.FileToGTPInterfaceDaemon - File to GTP interface daemon: Unable to access directory D:/gtpdeamon/error
[Wed Nov 08 17:47:08 IST] -- http-nio-8086-exec-4 -- INFO  -- com.misys.portal.webservices.apis.interceptors.RateLimitingHelper - Adding rate limiting bucket for public endpoint /generateKeys
[Wed Nov 08 17:47:12 IST] -- DaemonThread:filetogtpinterfacedaemon -- ERROR -- com.misys.portal.core.daemon.impl.FileToGTPInterfaceDaemon - File to GTP interface daemon: Unable to access directory D:/gtpdeamon/completed
[Wed Nov 08 17:47:12 IST] -- DaemonThread:filetogtpinterfacedaemon -- ERROR -- com.misys.portal.core.daemon.impl.FileToGTPInterfaceDaemon - File to GTP interface daemon: Unable to access directory D:/gtpdeamon/error
[Wed Nov 08 17:47:32 IST] -- DaemonThread:filetogtpinterfacedaemon -- ERROR -- com.misys.portal.core.daemon.impl.FileToGTPInterfaceDaemon - File to GTP interface daemon: Unable to access directory D:/gtpdeamon/completed
[Wed Nov 08 17:47:32 IST] -- DaemonThread:filetogtpinterfacedaemon -- ERROR -- com.misys.portal.core.daemon.impl.FileToGTPInterfaceDaemon - File to GTP interface daemon: Unable to access directory D:/gtpdeamon/error
