[Tue Nov 07 12:20:15 IST] -- INFO  -- org.apache.axis2.deployment.WarBasedAxisConfigurator - Could not find axis2.xml, loading default org/apache/axis2/deployment/axis2_default.xml from classpath
[Tue Nov 07 12:20:16 IST] -- INFO  -- org.apache.axis2.deployment.DeploymentEngine - No modules directory was found under C:\Peter\peter\.metadata\.plugins\org.eclipse.wst.server.core\tmp0\wtpwebapps\com.misys.portal.client.kotak\WEB-INF.
[Tue Nov 07 12:20:16 IST] -- INFO  -- org.apache.axis2.deployment.DeploymentEngine - Deploying Web service: MPInquiryService.aar - file:/C:/Peter/peter/.metadata/.plugins/org.eclipse.wst.server.core/tmp0/wtpwebapps/com.misys.portal.client.kotak/WEB-INF/services/MPInquiryService.aar
[Tue Nov 07 12:20:17 IST] -- INFO  -- org.apache.axis2.deployment.DeploymentEngine - Deploying Web service: MPListDefService.aar - file:/C:/Peter/peter/.metadata/.plugins/org.eclipse.wst.server.core/tmp0/wtpwebapps/com.misys.portal.client.kotak/WEB-INF/services/MPListDefService.aar
[Tue Nov 07 12:20:17 IST] -- INFO  -- org.apache.axis2.deployment.DeploymentEngine - Deploying Web service: MPProvisioningService.aar - file:/C:/Peter/peter/.metadata/.plugins/org.eclipse.wst.server.core/tmp0/wtpwebapps/com.misys.portal.client.kotak/WEB-INF/services/MPProvisioningService.aar
[Tue Nov 07 12:20:17 IST] -- INFO  -- org.apache.axis2.deployment.DeploymentEngine - Deploying Web service: MPService.aar - file:/C:/Peter/peter/.metadata/.plugins/org.eclipse.wst.server.core/tmp0/wtpwebapps/com.misys.portal.client.kotak/WEB-INF/services/MPService.aar
[Tue Nov 07 12:20:17 IST] -- INFO  -- org.apache.axis2.deployment.DeploymentEngine - Deploying Web service: version-1.7.9.aar - file:/C:/Peter/peter/.metadata/.plugins/org.eclipse.wst.server.core/tmp0/wtpwebapps/com.misys.portal.client.kotak/WEB-INF/services/version-1.7.9.aar
[Tue Nov 07 12:20:17 IST] -- WARN  -- org.apache.axis2.transport.http.AxisServlet - No transportReceiver for org.apache.axis2.transport.http.AxisServletListener found. An instance for HTTP will be configured automatically. Please update your axis2.xml file!
[Tue Nov 07 12:41:36 IST] -- INFO  -- org.apache.axis2.deployment.WarBasedAxisConfigurator - Could not find axis2.xml, loading default org/apache/axis2/deployment/axis2_default.xml from classpath
[Tue Nov 07 12:41:37 IST] -- INFO  -- org.apache.axis2.deployment.DeploymentEngine - No modules directory was found under C:\Peter\peter\.metadata\.plugins\org.eclipse.wst.server.core\tmp0\wtpwebapps\com.misys.portal.client.kotak\WEB-INF.
[Tue Nov 07 12:41:38 IST] -- INFO  -- org.apache.axis2.deployment.DeploymentEngine - Deploying Web service: MPInquiryService.aar - file:/C:/Peter/peter/.metadata/.plugins/org.eclipse.wst.server.core/tmp0/wtpwebapps/com.misys.portal.client.kotak/WEB-INF/services/MPInquiryService.aar
[Tue Nov 07 12:41:38 IST] -- INFO  -- org.apache.axis2.deployment.DeploymentEngine - Deploying Web service: MPListDefService.aar - file:/C:/Peter/peter/.metadata/.plugins/org.eclipse.wst.server.core/tmp0/wtpwebapps/com.misys.portal.client.kotak/WEB-INF/services/MPListDefService.aar
[Tue Nov 07 12:41:38 IST] -- INFO  -- org.apache.axis2.deployment.DeploymentEngine - Deploying Web service: MPProvisioningService.aar - file:/C:/Peter/peter/.metadata/.plugins/org.eclipse.wst.server.core/tmp0/wtpwebapps/com.misys.portal.client.kotak/WEB-INF/services/MPProvisioningService.aar
[Tue Nov 07 12:41:38 IST] -- INFO  -- org.apache.axis2.deployment.DeploymentEngine - Deploying Web service: MPService.aar - file:/C:/Peter/peter/.metadata/.plugins/org.eclipse.wst.server.core/tmp0/wtpwebapps/com.misys.portal.client.kotak/WEB-INF/services/MPService.aar
[Tue Nov 07 12:41:38 IST] -- INFO  -- org.apache.axis2.deployment.DeploymentEngine - Deploying Web service: version-1.7.9.aar - file:/C:/Peter/peter/.metadata/.plugins/org.eclipse.wst.server.core/tmp0/wtpwebapps/com.misys.portal.client.kotak/WEB-INF/services/version-1.7.9.aar
[Tue Nov 07 12:41:38 IST] -- WARN  -- org.apache.axis2.transport.http.AxisServlet - No transportReceiver for org.apache.axis2.transport.http.AxisServletListener found. An instance for HTTP will be configured automatically. Please update your axis2.xml file!
[Tue Nov 07 16:10:23 IST] -- INFO  -- org.apache.axis2.deployment.WarBasedAxisConfigurator - Could not find axis2.xml, loading default org/apache/axis2/deployment/axis2_default.xml from classpath
[Tue Nov 07 16:10:24 IST] -- INFO  -- org.apache.axis2.deployment.DeploymentEngine - No modules directory was found under C:\Peter\peter\.metadata\.plugins\org.eclipse.wst.server.core\tmp0\wtpwebapps\com.misys.portal.client.kotak\WEB-INF.
[Tue Nov 07 16:10:25 IST] -- INFO  -- org.apache.axis2.deployment.DeploymentEngine - Deploying Web service: MPInquiryService.aar - file:/C:/Peter/peter/.metadata/.plugins/org.eclipse.wst.server.core/tmp0/wtpwebapps/com.misys.portal.client.kotak/WEB-INF/services/MPInquiryService.aar
[Tue Nov 07 16:10:25 IST] -- INFO  -- org.apache.axis2.deployment.DeploymentEngine - Deploying Web service: MPListDefService.aar - file:/C:/Peter/peter/.metadata/.plugins/org.eclipse.wst.server.core/tmp0/wtpwebapps/com.misys.portal.client.kotak/WEB-INF/services/MPListDefService.aar
[Tue Nov 07 16:10:25 IST] -- INFO  -- org.apache.axis2.deployment.DeploymentEngine - Deploying Web service: MPProvisioningService.aar - file:/C:/Peter/peter/.metadata/.plugins/org.eclipse.wst.server.core/tmp0/wtpwebapps/com.misys.portal.client.kotak/WEB-INF/services/MPProvisioningService.aar
[Tue Nov 07 16:10:25 IST] -- INFO  -- org.apache.axis2.deployment.DeploymentEngine - Deploying Web service: MPService.aar - file:/C:/Peter/peter/.metadata/.plugins/org.eclipse.wst.server.core/tmp0/wtpwebapps/com.misys.portal.client.kotak/WEB-INF/services/MPService.aar
[Tue Nov 07 16:10:25 IST] -- INFO  -- org.apache.axis2.deployment.DeploymentEngine - Deploying Web service: version-1.7.9.aar - file:/C:/Peter/peter/.metadata/.plugins/org.eclipse.wst.server.core/tmp0/wtpwebapps/com.misys.portal.client.kotak/WEB-INF/services/version-1.7.9.aar
[Tue Nov 07 16:10:25 IST] -- WARN  -- org.apache.axis2.transport.http.AxisServlet - No transportReceiver for org.apache.axis2.transport.http.AxisServletListener found. An instance for HTTP will be configured automatically. Please update your axis2.xml file!
[Tue Nov 07 16:38:21 IST] -- INFO  -- org.apache.axis2.deployment.WarBasedAxisConfigurator - Could not find axis2.xml, loading default org/apache/axis2/deployment/axis2_default.xml from classpath
[Tue Nov 07 16:38:22 IST] -- INFO  -- org.apache.axis2.deployment.DeploymentEngine - No modules directory was found under C:\Peter\peter\.metadata\.plugins\org.eclipse.wst.server.core\tmp0\wtpwebapps\com.misys.portal.client.kotak\WEB-INF.
[Tue Nov 07 16:38:23 IST] -- INFO  -- org.apache.axis2.deployment.DeploymentEngine - Deploying Web service: MPInquiryService.aar - file:/C:/Peter/peter/.metadata/.plugins/org.eclipse.wst.server.core/tmp0/wtpwebapps/com.misys.portal.client.kotak/WEB-INF/services/MPInquiryService.aar
[Tue Nov 07 16:38:23 IST] -- INFO  -- org.apache.axis2.deployment.DeploymentEngine - Deploying Web service: MPListDefService.aar - file:/C:/Peter/peter/.metadata/.plugins/org.eclipse.wst.server.core/tmp0/wtpwebapps/com.misys.portal.client.kotak/WEB-INF/services/MPListDefService.aar
[Tue Nov 07 16:38:23 IST] -- INFO  -- org.apache.axis2.deployment.DeploymentEngine - Deploying Web service: MPProvisioningService.aar - file:/C:/Peter/peter/.metadata/.plugins/org.eclipse.wst.server.core/tmp0/wtpwebapps/com.misys.portal.client.kotak/WEB-INF/services/MPProvisioningService.aar
[Tue Nov 07 16:38:23 IST] -- INFO  -- org.apache.axis2.deployment.DeploymentEngine - Deploying Web service: MPService.aar - file:/C:/Peter/peter/.metadata/.plugins/org.eclipse.wst.server.core/tmp0/wtpwebapps/com.misys.portal.client.kotak/WEB-INF/services/MPService.aar
[Tue Nov 07 16:38:23 IST] -- INFO  -- org.apache.axis2.deployment.DeploymentEngine - Deploying Web service: version-1.7.9.aar - file:/C:/Peter/peter/.metadata/.plugins/org.eclipse.wst.server.core/tmp0/wtpwebapps/com.misys.portal.client.kotak/WEB-INF/services/version-1.7.9.aar
[Tue Nov 07 16:38:23 IST] -- WARN  -- org.apache.axis2.transport.http.AxisServlet - No transportReceiver for org.apache.axis2.transport.http.AxisServletListener found. An instance for HTTP will be configured automatically. Please update your axis2.xml file!
